<?xml version="1.0" encoding="UTF-8" ?>
<testsuites name="vitest tests" tests="123" failures="0" errors="0" time="40.1">
    <testsuite name="src/api/axios.interceptors.test.ts" timestamp="2026-01-10T01:42:18.529Z" hostname="DESKTOP-T98EHRO" tests="9" failures="0" errors="0" skipped="0" time="0.2736509">
        <testcase classname="src/api/axios.interceptors.test.ts" name="api/axios.ts – interceptory (CSRF, nagłówki, przekierowania 401/403) &gt; dokleja nagłówek X-CSRFToken z cookie i ustawia Content-Type: application/json dla zwykłego JSON" time="0.1045126">
        </testcase>
        <testcase classname="src/api/axios.interceptors.test.ts" name="api/axios.ts – interceptory (CSRF, nagłówki, przekierowania 401/403) &gt; dla FormData NIE ustawia Content-Type: application/json (usuwa go w interceptorze)" time="0.0161605">
        </testcase>
        <testcase classname="src/api/axios.interceptors.test.ts" name="api/axios.ts – interceptory (CSRF, nagłówki, przekierowania 401/403) &gt; na 401 przekierowuje na /login (dla endpointów nie-auth), jeśli nie jesteśmy na /login" time="0.0434526">
        </testcase>
        <testcase classname="src/api/axios.interceptors.test.ts" name="api/axios.ts – interceptory (CSRF, nagłówki, przekierowania 401/403) &gt; na 401 NIE przekierowuje na /login, jeśli już jesteśmy na /login" time="0.0116657">
        </testcase>
        <testcase classname="src/api/axios.interceptors.test.ts" name="api/axios.ts – interceptory (CSRF, nagłówki, przekierowania 401/403) &gt; na 401 NIE przekierowuje na /login dla endpointów auth (np. /api/auth/status/)" time="0.0134973">
        </testcase>
        <testcase classname="src/api/axios.interceptors.test.ts" name="api/axios.ts – interceptory (CSRF, nagłówki, przekierowania 401/403) &gt; na 403 przekierowuje na /access-denied, jeśli nie jesteśmy na /access-denied" time="0.0159966">
        </testcase>
        <testcase classname="src/api/axios.interceptors.test.ts" name="api/axios.ts – interceptory (CSRF, nagłówki, przekierowania 401/403) &gt; na 403 NIE przekierowuje na /access-denied, jeśli już jesteśmy na /access-denied" time="0.0168122">
        </testcase>
        <testcase classname="src/api/axios.interceptors.test.ts" name="api/axios.ts – interceptory (CSRF, nagłówki, przekierowania 401/403) &gt; security: dwa równoległe błędy 401 powodują tylko jedno przekierowanie na /login" time="0.0261221">
        </testcase>
        <testcase classname="src/api/axios.interceptors.test.ts" name="api/axios.ts – interceptory (CSRF, nagłówki, przekierowania 401/403) &gt; security: 500 NIE powoduje przekierowania (ani /login ani /access-denied)" time="0.0101611">
        </testcase>
    </testsuite>
    <testsuite name="src/components/ProtectedRoute.test.tsx" timestamp="2026-01-10T01:42:18.535Z" hostname="DESKTOP-T98EHRO" tests="5" failures="0" errors="0" skipped="0" time="0.2170195">
        <testcase classname="src/components/ProtectedRoute.test.tsx" name="components/ProtectedRoute &gt; gdy loading=true -&gt; pokazuje spinner i nie renderuje children" time="0.17562">
            <system-err>
⚠️ React Router Future Flag Warning: React Router will begin wrapping state updates in `React.startTransition` in v7. You can use the `v7_startTransition` future flag to opt-in early. For more information, see https://reactrouter.com/v6/upgrading/future#v7_starttransition.
⚠️ React Router Future Flag Warning: Relative route resolution within Splat routes is changing in v7. You can use the `v7_relativeSplatPath` future flag to opt-in early. For more information, see https://reactrouter.com/v6/upgrading/future#v7_relativesplatpath.

            </system-err>
        </testcase>
        <testcase classname="src/components/ProtectedRoute.test.tsx" name="components/ProtectedRoute &gt; gdy isAuthenticated=false -&gt; redirect do /login" time="0.0133647">
        </testcase>
        <testcase classname="src/components/ProtectedRoute.test.tsx" name="components/ProtectedRoute &gt; gdy rola nie jest dozwolona -&gt; redirect do /access-denied" time="0.0064912">
        </testcase>
        <testcase classname="src/components/ProtectedRoute.test.tsx" name="components/ProtectedRoute &gt; gdy rola jest dozwolona -&gt; renderuje children" time="0.0076964">
        </testcase>
        <testcase classname="src/components/ProtectedRoute.test.tsx" name="components/ProtectedRoute &gt; gdy allowedRoles podane, ale user=null (przy isAuthenticated=true) -&gt; renderuje children (zgodnie z warunkiem w kodzie)" time="0.0060551">
        </testcase>
    </testsuite>
    <testsuite name="src/context/AuthContext.test.tsx" timestamp="2026-01-10T01:42:18.539Z" hostname="DESKTOP-T98EHRO" tests="4" failures="0" errors="0" skipped="0" time="0.5025173">
        <testcase classname="src/context/AuthContext.test.tsx" name="context/AuthContext &gt; init: woła getCsrf() i getStatus(), ustawia loading=false i user jeśli isAuthenticated=true" time="0.1037066">
        </testcase>
        <testcase classname="src/context/AuthContext.test.tsx" name="context/AuthContext &gt; init: gdy getStatus zwróci isAuthenticated=false -&gt; user = null" time="0.0141009">
        </testcase>
        <testcase classname="src/context/AuthContext.test.tsx" name="context/AuthContext &gt; login(): woła getCsrf -&gt; authApi.login(username,password) -&gt; refreshUser(getStatus) i ustawia user" time="0.2616096">
        </testcase>
        <testcase classname="src/context/AuthContext.test.tsx" name="context/AuthContext &gt; logout(): zawsze czyści user nawet jeśli authApi.logout rzuci błąd" time="0.114185">
        </testcase>
    </testsuite>
    <testsuite name="src/pages/AccountPage.test.tsx" timestamp="2026-01-10T01:42:18.541Z" hostname="DESKTOP-T98EHRO" tests="6" failures="0" errors="0" skipped="0" time="16.9653003">
        <testcase classname="src/pages/AccountPage.test.tsx" name="AccountPage – change password (UI integration) &gt; disables both submit buttons until all fields are filled" time="4.6218585">
            <system-err>
⚠️ React Router Future Flag Warning: React Router will begin wrapping state updates in `React.startTransition` in v7. You can use the `v7_startTransition` future flag to opt-in early. For more information, see https://reactrouter.com/v6/upgrading/future#v7_starttransition.
⚠️ React Router Future Flag Warning: Relative route resolution within Splat routes is changing in v7. You can use the `v7_relativeSplatPath` future flag to opt-in early. For more information, see https://reactrouter.com/v6/upgrading/future#v7_relativesplatpath.

            </system-err>
        </testcase>
        <testcase classname="src/pages/AccountPage.test.tsx" name="AccountPage – change password (UI integration) &gt; blocks submit when passwords do not match and shows helperText under confirm field" time="3.600067">
        </testcase>
        <testcase classname="src/pages/AccountPage.test.tsx" name="AccountPage – change password (UI integration) &gt; blocks submit when new password is shorter than 8 and shows helperText" time="1.7791556">
        </testcase>
        <testcase classname="src/pages/AccountPage.test.tsx" name="AccountPage – change password (UI integration) &gt; maps 400 field errors to helperText (e.g. new_password)" time="2.2992079">
        </testcase>
        <testcase classname="src/pages/AccountPage.test.tsx" name="AccountPage – change password (UI integration) &gt; prevents double submit while saving (only one API call, button becomes disabled)" time="2.123309">
            <system-err>
Warning: An update to ProfilePage inside a test was not wrapped in act(...).

When testing, code that causes React state updates should be wrapped into act(...):

act(() =&gt; {
  /* fire events that update state */
});
/* assert on the output */

This ensures that you&apos;re testing the behavior the user would see in the browser. Learn more at https://reactjs.org/link/wrap-tests-with-act
    at ProfilePage (C:\projekt\beauty-salon-management-system\beauty-salon-frontend\src\pages\AccountPage.tsx:17:63)
    at Router (C:\projekt\beauty-salon-management-system\beauty-salon-frontend\node_modules\.pnpm\react-router@6.30.2_react@18.3.1\node_modules\react-router\dist\umd\react-router.development.js:1207:17)
    at MemoryRouter (C:\projekt\beauty-salon-management-system\beauty-salon-frontend\node_modules\.pnpm\react-router@6.30.2_react@18.3.1\node_modules\react-router\dist\umd\react-router.development.js:1101:7)
Warning: An update to ProfilePage inside a test was not wrapped in act(...).

When testing, code that causes React state updates should be wrapped into act(...):

act(() =&gt; {
  /* fire events that update state */
});
/* assert on the output */

This ensures that you&apos;re testing the behavior the user would see in the browser. Learn more at https://reactjs.org/link/wrap-tests-with-act
    at ProfilePage (C:\projekt\beauty-salon-management-system\beauty-salon-frontend\src\pages\AccountPage.tsx:17:63)
    at Router (C:\projekt\beauty-salon-management-system\beauty-salon-frontend\node_modules\.pnpm\react-router@6.30.2_react@18.3.1\node_modules\react-router\dist\umd\react-router.development.js:1207:17)
    at MemoryRouter (C:\projekt\beauty-salon-management-system\beauty-salon-frontend\node_modules\.pnpm\react-router@6.30.2_react@18.3.1\node_modules\react-router\dist\umd\react-router.development.js:1101:7)
Warning: An update to ProfilePage inside a test was not wrapped in act(...).

When testing, code that causes React state updates should be wrapped into act(...):

act(() =&gt; {
  /* fire events that update state */
});
/* assert on the output */

This ensures that you&apos;re testing the behavior the user would see in the browser. Learn more at https://reactjs.org/link/wrap-tests-with-act
    at ProfilePage (C:\projekt\beauty-salon-management-system\beauty-salon-frontend\src\pages\AccountPage.tsx:17:63)
    at Router (C:\projekt\beauty-salon-management-system\beauty-salon-frontend\node_modules\.pnpm\react-router@6.30.2_react@18.3.1\node_modules\react-router\dist\umd\react-router.development.js:1207:17)
    at MemoryRouter (C:\projekt\beauty-salon-management-system\beauty-salon-frontend\node_modules\.pnpm\react-router@6.30.2_react@18.3.1\node_modules\react-router\dist\umd\react-router.development.js:1101:7)
Warning: An update to ProfilePage inside a test was not wrapped in act(...).

When testing, code that causes React state updates should be wrapped into act(...):

act(() =&gt; {
  /* fire events that update state */
});
/* assert on the output */

This ensures that you&apos;re testing the behavior the user would see in the browser. Learn more at https://reactjs.org/link/wrap-tests-with-act
    at ProfilePage (C:\projekt\beauty-salon-management-system\beauty-salon-frontend\src\pages\AccountPage.tsx:17:63)
    at Router (C:\projekt\beauty-salon-management-system\beauty-salon-frontend\node_modules\.pnpm\react-router@6.30.2_react@18.3.1\node_modules\react-router\dist\umd\react-router.development.js:1207:17)
    at MemoryRouter (C:\projekt\beauty-salon-management-system\beauty-salon-frontend\node_modules\.pnpm\react-router@6.30.2_react@18.3.1\node_modules\react-router\dist\umd\react-router.development.js:1101:7)
Warning: An update to ForwardRef(FormControl) inside a test was not wrapped in act(...).

When testing, code that causes React state updates should be wrapped into act(...):

act(() =&gt; {
  /* fire events that update state */
});
/* assert on the output */

This ensures that you&apos;re testing the behavior the user would see in the browser. Learn more at https://reactjs.org/link/wrap-tests-with-act
    at FormControl (C:\projekt\beauty-salon-management-system\beauty-salon-frontend\node_modules\.pnpm\@mui+material@5.18.0_@emoti_136728582fedef94cbdf8cadc9fbd913\node_modules\@mui\material\node\FormControl\FormControl.js:92:59)
    at C:\projekt\beauty-salon-management-system\beauty-salon-frontend\node_modules\.pnpm\@emotion+react@11.14.0_@types+react@18.3.27_react@18.3.1\node_modules\@emotion\react\dist\emotion-element-e8f4cc37.development.cjs.js:60:23
    at TextField (C:\projekt\beauty-salon-management-system\beauty-salon-frontend\node_modules\.pnpm\@mui+material@5.18.0_@emoti_136728582fedef94cbdf8cadc9fbd913\node_modules\@mui\material\node\TextField\TextField.js:84:59)
    at div
    at C:\projekt\beauty-salon-management-system\beauty-salon-frontend\node_modules\.pnpm\@emotion+react@11.14.0_@types+react@18.3.27_react@18.3.1\node_modules\@emotion\react\dist\emotion-element-e8f4cc37.development.cjs.js:60:23
    at Grid (C:\projekt\beauty-salon-management-system\beauty-salon-frontend\node_modules\.pnpm\@mui+system@5.18.0_@emotion_1618f14f8b8f0c61b33e8dee883594d2\node_modules\@mui\system\Stack\createStack.js:149:24)
    at div
    at C:\projekt\beauty-salon-management-system\beauty-salon-frontend\node_modules\.pnpm\@emotion+react@11.14.0_@types+react@18.3.27_react@18.3.1\node_modules\@emotion\react\dist\emotion-element-e8f4cc37.development.cjs.js:60:23
    at Grid (C:\projekt\beauty-salon-management-system\beauty-salon-frontend\node_modules\.pnpm\@mui+system@5.18.0_@emotion_1618f14f8b8f0c61b33e8dee883594d2\node_modules\@mui\system\Stack\createStack.js:149:24)
    at div
    at C:\projekt\beauty-salon-management-system\beauty-salon-frontend\node_modules\.pnpm\@emotion+react@11.14.0_@types+react@18.3.27_react@18.3.1\node_modules\@emotion\react\dist\emotion-element-e8f4cc37.development.cjs.js:60:23
    at CardContent (C:\projekt\beauty-salon-management-system\beauty-salon-frontend\node_modules\.pnpm\@mui+material@5.18.0_@emoti_136728582fedef94cbdf8cadc9fbd913\node_modules\@mui\material\node\CardContent\CardContent.js:44:59)
    at div
    at C:\projekt\beauty-salon-management-system\beauty-salon-frontend\node_modules\.pnpm\@emotion+react@11.14.0_@types+react@18.3.27_react@18.3.1\node_modules\@emotion\react\dist\emotion-element-e8f4cc37.development.cjs.js:60:23
    at Paper (C:\projekt\beauty-salon-management-system\beauty-salon-frontend\node_modules\.pnpm\@mui+material@5.18.0_@emoti_136728582fedef94cbdf8cadc9fbd913\node_modules\@mui\material\node\Paper\Paper.js:70:59)
    at C:\projekt\beauty-salon-management-system\beauty-salon-frontend\node_modules\.pnpm\@emotion+react@11.14.0_@types+react@18.3.27_react@18.3.1\node_modules\@emotion\react\dist\emotion-element-e8f4cc37.development.cjs.js:60:23
    at Card (C:\projekt\beauty-salon-management-system\beauty-salon-frontend\node_modules\.pnpm\@mui+material@5.18.0_@emoti_136728582fedef94cbdf8cadc9fbd913\node_modules\@mui\material\node\Card\Card.js:43:59)
    at div
    at C:\projekt\beauty-salon-management-system\beauty-salon-frontend\node_modules\.pnpm\@emotion+react@11.14.0_@types+react@18.3.27_react@18.3.1\node_modules\@emotion\react\dist\emotion-element-e8f4cc37.development.cjs.js:60:23
    at Grid (C:\projekt\beauty-salon-management-system\beauty-salon-frontend\node_modules\.pnpm\@mui+material@5.18.0_@emoti_136728582fedef94cbdf8cadc9fbd913\node_modules\@mui\material\node\Grid\Grid.js:381:64)
    at div
    at C:\projekt\beauty-salon-management-system\beauty-salon-frontend\node_modules\.pnpm\@emotion+react@11.14.0_@types+react@18.3.27_react@18.3.1\node_modules\@emotion\react\dist\emotion-element-e8f4cc37.development.cjs.js:60:23
    at Grid (C:\projekt\beauty-salon-management-system\beauty-salon-frontend\node_modules\.pnpm\@mui+material@5.18.0_@emoti_136728582fedef94cbdf8cadc9fbd913\node_modules\@mui\material\node\Grid\Grid.js:381:64)
    at div
    at C:\projekt\beauty-salon-management-system\beauty-salon-frontend\node_modules\.pnpm\@emotion+react@11.14.0_@types+react@18.3.27_react@18.3.1\node_modules\@emotion\react\dist\emotion-element-e8f4cc37.development.cjs.js:60:23
    at Grid (C:\projekt\beauty-salon-management-system\beauty-salon-frontend\node_modules\.pnpm\@mui+system@5.18.0_@emotion_1618f14f8b8f0c61b33e8dee883594d2\node_modules\@mui\system\Stack\createStack.js:149:24)
    at ProfilePage (C:\projekt\beauty-salon-management-system\beauty-salon-frontend\src\pages\AccountPage.tsx:17:63)
    at Router (C:\projekt\beauty-salon-management-system\beauty-salon-frontend\node_modules\.pnpm\react-router@6.30.2_react@18.3.1\node_modules\react-router\dist\umd\react-router.development.js:1207:17)
    at MemoryRouter (C:\projekt\beauty-salon-management-system\beauty-salon-frontend\node_modules\.pnpm\react-router@6.30.2_react@18.3.1\node_modules\react-router\dist\umd\react-router.development.js:1101:7)
Warning: An update to ForwardRef(FormControl) inside a test was not wrapped in act(...).

When testing, code that causes React state updates should be wrapped into act(...):

act(() =&gt; {
  /* fire events that update state */
});
/* assert on the output */

This ensures that you&apos;re testing the behavior the user would see in the browser. Learn more at https://reactjs.org/link/wrap-tests-with-act
    at FormControl (C:\projekt\beauty-salon-management-system\beauty-salon-frontend\node_modules\.pnpm\@mui+material@5.18.0_@emoti_136728582fedef94cbdf8cadc9fbd913\node_modules\@mui\material\node\FormControl\FormControl.js:92:59)
    at C:\projekt\beauty-salon-management-system\beauty-salon-frontend\node_modules\.pnpm\@emotion+react@11.14.0_@types+react@18.3.27_react@18.3.1\node_modules\@emotion\react\dist\emotion-element-e8f4cc37.development.cjs.js:60:23
    at TextField (C:\projekt\beauty-salon-management-system\beauty-salon-frontend\node_modules\.pnpm\@mui+material@5.18.0_@emoti_136728582fedef94cbdf8cadc9fbd913\node_modules\@mui\material\node\TextField\TextField.js:84:59)
    at div
    at C:\projekt\beauty-salon-management-system\beauty-salon-frontend\node_modules\.pnpm\@emotion+react@11.14.0_@types+react@18.3.27_react@18.3.1\node_modules\@emotion\react\dist\emotion-element-e8f4cc37.development.cjs.js:60:23
    at Grid (C:\projekt\beauty-salon-management-system\beauty-salon-frontend\node_modules\.pnpm\@mui+system@5.18.0_@emotion_1618f14f8b8f0c61b33e8dee883594d2\node_modules\@mui\system\Stack\createStack.js:149:24)
    at div
    at C:\projekt\beauty-salon-management-system\beauty-salon-frontend\node_modules\.pnpm\@emotion+react@11.14.0_@types+react@18.3.27_react@18.3.1\node_modules\@emotion\react\dist\emotion-element-e8f4cc37.development.cjs.js:60:23
    at Grid (C:\projekt\beauty-salon-management-system\beauty-salon-frontend\node_modules\.pnpm\@mui+system@5.18.0_@emotion_1618f14f8b8f0c61b33e8dee883594d2\node_modules\@mui\system\Stack\createStack.js:149:24)
    at div
    at C:\projekt\beauty-salon-management-system\beauty-salon-frontend\node_modules\.pnpm\@emotion+react@11.14.0_@types+react@18.3.27_react@18.3.1\node_modules\@emotion\react\dist\emotion-element-e8f4cc37.development.cjs.js:60:23
    at CardContent (C:\projekt\beauty-salon-management-system\beauty-salon-frontend\node_modules\.pnpm\@mui+material@5.18.0_@emoti_136728582fedef94cbdf8cadc9fbd913\node_modules\@mui\material\node\CardContent\CardContent.js:44:59)
    at div
    at C:\projekt\beauty-salon-management-system\beauty-salon-frontend\node_modules\.pnpm\@emotion+react@11.14.0_@types+react@18.3.27_react@18.3.1\node_modules\@emotion\react\dist\emotion-element-e8f4cc37.development.cjs.js:60:23
    at Paper (C:\projekt\beauty-salon-management-system\beauty-salon-frontend\node_modules\.pnpm\@mui+material@5.18.0_@emoti_136728582fedef94cbdf8cadc9fbd913\node_modules\@mui\material\node\Paper\Paper.js:70:59)
    at C:\projekt\beauty-salon-management-system\beauty-salon-frontend\node_modules\.pnpm\@emotion+react@11.14.0_@types+react@18.3.27_react@18.3.1\node_modules\@emotion\react\dist\emotion-element-e8f4cc37.development.cjs.js:60:23
    at Card (C:\projekt\beauty-salon-management-system\beauty-salon-frontend\node_modules\.pnpm\@mui+material@5.18.0_@emoti_136728582fedef94cbdf8cadc9fbd913\node_modules\@mui\material\node\Card\Card.js:43:59)
    at div
    at C:\projekt\beauty-salon-management-system\beauty-salon-frontend\node_modules\.pnpm\@emotion+react@11.14.0_@types+react@18.3.27_react@18.3.1\node_modules\@emotion\react\dist\emotion-element-e8f4cc37.development.cjs.js:60:23
    at Grid (C:\projekt\beauty-salon-management-system\beauty-salon-frontend\node_modules\.pnpm\@mui+material@5.18.0_@emoti_136728582fedef94cbdf8cadc9fbd913\node_modules\@mui\material\node\Grid\Grid.js:381:64)
    at div
    at C:\projekt\beauty-salon-management-system\beauty-salon-frontend\node_modules\.pnpm\@emotion+react@11.14.0_@types+react@18.3.27_react@18.3.1\node_modules\@emotion\react\dist\emotion-element-e8f4cc37.development.cjs.js:60:23
    at Grid (C:\projekt\beauty-salon-management-system\beauty-salon-frontend\node_modules\.pnpm\@mui+material@5.18.0_@emoti_136728582fedef94cbdf8cadc9fbd913\node_modules\@mui\material\node\Grid\Grid.js:381:64)
    at div
    at C:\projekt\beauty-salon-management-system\beauty-salon-frontend\node_modules\.pnpm\@emotion+react@11.14.0_@types+react@18.3.27_react@18.3.1\node_modules\@emotion\react\dist\emotion-element-e8f4cc37.development.cjs.js:60:23
    at Grid (C:\projekt\beauty-salon-management-system\beauty-salon-frontend\node_modules\.pnpm\@mui+system@5.18.0_@emotion_1618f14f8b8f0c61b33e8dee883594d2\node_modules\@mui\system\Stack\createStack.js:149:24)
    at ProfilePage (C:\projekt\beauty-salon-management-system\beauty-salon-frontend\src\pages\AccountPage.tsx:17:63)
    at Router (C:\projekt\beauty-salon-management-system\beauty-salon-frontend\node_modules\.pnpm\react-router@6.30.2_react@18.3.1\node_modules\react-router\dist\umd\react-router.development.js:1207:17)
    at MemoryRouter (C:\projekt\beauty-salon-management-system\beauty-salon-frontend\node_modules\.pnpm\react-router@6.30.2_react@18.3.1\node_modules\react-router\dist\umd\react-router.development.js:1101:7)
Warning: An update to ForwardRef(FormControl) inside a test was not wrapped in act(...).

When testing, code that causes React state updates should be wrapped into act(...):

act(() =&gt; {
  /* fire events that update state */
});
/* assert on the output */

This ensures that you&apos;re testing the behavior the user would see in the browser. Learn more at https://reactjs.org/link/wrap-tests-with-act
    at FormControl (C:\projekt\beauty-salon-management-system\beauty-salon-frontend\node_modules\.pnpm\@mui+material@5.18.0_@emoti_136728582fedef94cbdf8cadc9fbd913\node_modules\@mui\material\node\FormControl\FormControl.js:92:59)
    at C:\projekt\beauty-salon-management-system\beauty-salon-frontend\node_modules\.pnpm\@emotion+react@11.14.0_@types+react@18.3.27_react@18.3.1\node_modules\@emotion\react\dist\emotion-element-e8f4cc37.development.cjs.js:60:23
    at TextField (C:\projekt\beauty-salon-management-system\beauty-salon-frontend\node_modules\.pnpm\@mui+material@5.18.0_@emoti_136728582fedef94cbdf8cadc9fbd913\node_modules\@mui\material\node\TextField\TextField.js:84:59)
    at div
    at C:\projekt\beauty-salon-management-system\beauty-salon-frontend\node_modules\.pnpm\@emotion+react@11.14.0_@types+react@18.3.27_react@18.3.1\node_modules\@emotion\react\dist\emotion-element-e8f4cc37.development.cjs.js:60:23
    at Grid (C:\projekt\beauty-salon-management-system\beauty-salon-frontend\node_modules\.pnpm\@mui+system@5.18.0_@emotion_1618f14f8b8f0c61b33e8dee883594d2\node_modules\@mui\system\Stack\createStack.js:149:24)
    at div
    at C:\projekt\beauty-salon-management-system\beauty-salon-frontend\node_modules\.pnpm\@emotion+react@11.14.0_@types+react@18.3.27_react@18.3.1\node_modules\@emotion\react\dist\emotion-element-e8f4cc37.development.cjs.js:60:23
    at Grid (C:\projekt\beauty-salon-management-system\beauty-salon-frontend\node_modules\.pnpm\@mui+system@5.18.0_@emotion_1618f14f8b8f0c61b33e8dee883594d2\node_modules\@mui\system\Stack\createStack.js:149:24)
    at div
    at C:\projekt\beauty-salon-management-system\beauty-salon-frontend\node_modules\.pnpm\@emotion+react@11.14.0_@types+react@18.3.27_react@18.3.1\node_modules\@emotion\react\dist\emotion-element-e8f4cc37.development.cjs.js:60:23
    at CardContent (C:\projekt\beauty-salon-management-system\beauty-salon-frontend\node_modules\.pnpm\@mui+material@5.18.0_@emoti_136728582fedef94cbdf8cadc9fbd913\node_modules\@mui\material\node\CardContent\CardContent.js:44:59)
    at div
    at C:\projekt\beauty-salon-management-system\beauty-salon-frontend\node_modules\.pnpm\@emotion+react@11.14.0_@types+react@18.3.27_react@18.3.1\node_modules\@emotion\react\dist\emotion-element-e8f4cc37.development.cjs.js:60:23
    at Paper (C:\projekt\beauty-salon-management-system\beauty-salon-frontend\node_modules\.pnpm\@mui+material@5.18.0_@emoti_136728582fedef94cbdf8cadc9fbd913\node_modules\@mui\material\node\Paper\Paper.js:70:59)
    at C:\projekt\beauty-salon-management-system\beauty-salon-frontend\node_modules\.pnpm\@emotion+react@11.14.0_@types+react@18.3.27_react@18.3.1\node_modules\@emotion\react\dist\emotion-element-e8f4cc37.development.cjs.js:60:23
    at Card (C:\projekt\beauty-salon-management-system\beauty-salon-frontend\node_modules\.pnpm\@mui+material@5.18.0_@emoti_136728582fedef94cbdf8cadc9fbd913\node_modules\@mui\material\node\Card\Card.js:43:59)
    at div
    at C:\projekt\beauty-salon-management-system\beauty-salon-frontend\node_modules\.pnpm\@emotion+react@11.14.0_@types+react@18.3.27_react@18.3.1\node_modules\@emotion\react\dist\emotion-element-e8f4cc37.development.cjs.js:60:23
    at Grid (C:\projekt\beauty-salon-management-system\beauty-salon-frontend\node_modules\.pnpm\@mui+material@5.18.0_@emoti_136728582fedef94cbdf8cadc9fbd913\node_modules\@mui\material\node\Grid\Grid.js:381:64)
    at div
    at C:\projekt\beauty-salon-management-system\beauty-salon-frontend\node_modules\.pnpm\@emotion+react@11.14.0_@types+react@18.3.27_react@18.3.1\node_modules\@emotion\react\dist\emotion-element-e8f4cc37.development.cjs.js:60:23
    at Grid (C:\projekt\beauty-salon-management-system\beauty-salon-frontend\node_modules\.pnpm\@mui+material@5.18.0_@emoti_136728582fedef94cbdf8cadc9fbd913\node_modules\@mui\material\node\Grid\Grid.js:381:64)
    at div
    at C:\projekt\beauty-salon-management-system\beauty-salon-frontend\node_modules\.pnpm\@emotion+react@11.14.0_@types+react@18.3.27_react@18.3.1\node_modules\@emotion\react\dist\emotion-element-e8f4cc37.development.cjs.js:60:23
    at Grid (C:\projekt\beauty-salon-management-system\beauty-salon-frontend\node_modules\.pnpm\@mui+system@5.18.0_@emotion_1618f14f8b8f0c61b33e8dee883594d2\node_modules\@mui\system\Stack\createStack.js:149:24)
    at ProfilePage (C:\projekt\beauty-salon-management-system\beauty-salon-frontend\src\pages\AccountPage.tsx:17:63)
    at Router (C:\projekt\beauty-salon-management-system\beauty-salon-frontend\node_modules\.pnpm\react-router@6.30.2_react@18.3.1\node_modules\react-router\dist\umd\react-router.development.js:1207:17)
    at MemoryRouter (C:\projekt\beauty-salon-management-system\beauty-salon-frontend\node_modules\.pnpm\react-router@6.30.2_react@18.3.1\node_modules\react-router\dist\umd\react-router.development.js:1101:7)
Warning: An update to ForwardRef(FormControl) inside a test was not wrapped in act(...).

When testing, code that causes React state updates should be wrapped into act(...):

act(() =&gt; {
  /* fire events that update state */
});
/* assert on the output */

This ensures that you&apos;re testing the behavior the user would see in the browser. Learn more at https://reactjs.org/link/wrap-tests-with-act
    at FormControl (C:\projekt\beauty-salon-management-system\beauty-salon-frontend\node_modules\.pnpm\@mui+material@5.18.0_@emoti_136728582fedef94cbdf8cadc9fbd913\node_modules\@mui\material\node\FormControl\FormControl.js:92:59)
    at C:\projekt\beauty-salon-management-system\beauty-salon-frontend\node_modules\.pnpm\@emotion+react@11.14.0_@types+react@18.3.27_react@18.3.1\node_modules\@emotion\react\dist\emotion-element-e8f4cc37.development.cjs.js:60:23
    at TextField (C:\projekt\beauty-salon-management-system\beauty-salon-frontend\node_modules\.pnpm\@mui+material@5.18.0_@emoti_136728582fedef94cbdf8cadc9fbd913\node_modules\@mui\material\node\TextField\TextField.js:84:59)
    at div
    at C:\projekt\beauty-salon-management-system\beauty-salon-frontend\node_modules\.pnpm\@emotion+react@11.14.0_@types+react@18.3.27_react@18.3.1\node_modules\@emotion\react\dist\emotion-element-e8f4cc37.development.cjs.js:60:23
    at Grid (C:\projekt\beauty-salon-management-system\beauty-salon-frontend\node_modules\.pnpm\@mui+system@5.18.0_@emotion_1618f14f8b8f0c61b33e8dee883594d2\node_modules\@mui\system\Stack\createStack.js:149:24)
    at div
    at C:\projekt\beauty-salon-management-system\beauty-salon-frontend\node_modules\.pnpm\@emotion+react@11.14.0_@types+react@18.3.27_react@18.3.1\node_modules\@emotion\react\dist\emotion-element-e8f4cc37.development.cjs.js:60:23
    at Grid (C:\projekt\beauty-salon-management-system\beauty-salon-frontend\node_modules\.pnpm\@mui+system@5.18.0_@emotion_1618f14f8b8f0c61b33e8dee883594d2\node_modules\@mui\system\Stack\createStack.js:149:24)
    at div
    at C:\projekt\beauty-salon-management-system\beauty-salon-frontend\node_modules\.pnpm\@emotion+react@11.14.0_@types+react@18.3.27_react@18.3.1\node_modules\@emotion\react\dist\emotion-element-e8f4cc37.development.cjs.js:60:23
    at CardContent (C:\projekt\beauty-salon-management-system\beauty-salon-frontend\node_modules\.pnpm\@mui+material@5.18.0_@emoti_136728582fedef94cbdf8cadc9fbd913\node_modules\@mui\material\node\CardContent\CardContent.js:44:59)
    at div
    at C:\projekt\beauty-salon-management-system\beauty-salon-frontend\node_modules\.pnpm\@emotion+react@11.14.0_@types+react@18.3.27_react@18.3.1\node_modules\@emotion\react\dist\emotion-element-e8f4cc37.development.cjs.js:60:23
    at Paper (C:\projekt\beauty-salon-management-system\beauty-salon-frontend\node_modules\.pnpm\@mui+material@5.18.0_@emoti_136728582fedef94cbdf8cadc9fbd913\node_modules\@mui\material\node\Paper\Paper.js:70:59)
    at C:\projekt\beauty-salon-management-system\beauty-salon-frontend\node_modules\.pnpm\@emotion+react@11.14.0_@types+react@18.3.27_react@18.3.1\node_modules\@emotion\react\dist\emotion-element-e8f4cc37.development.cjs.js:60:23
    at Card (C:\projekt\beauty-salon-management-system\beauty-salon-frontend\node_modules\.pnpm\@mui+material@5.18.0_@emoti_136728582fedef94cbdf8cadc9fbd913\node_modules\@mui\material\node\Card\Card.js:43:59)
    at div
    at C:\projekt\beauty-salon-management-system\beauty-salon-frontend\node_modules\.pnpm\@emotion+react@11.14.0_@types+react@18.3.27_react@18.3.1\node_modules\@emotion\react\dist\emotion-element-e8f4cc37.development.cjs.js:60:23
    at Grid (C:\projekt\beauty-salon-management-system\beauty-salon-frontend\node_modules\.pnpm\@mui+material@5.18.0_@emoti_136728582fedef94cbdf8cadc9fbd913\node_modules\@mui\material\node\Grid\Grid.js:381:64)
    at div
    at C:\projekt\beauty-salon-management-system\beauty-salon-frontend\node_modules\.pnpm\@emotion+react@11.14.0_@types+react@18.3.27_react@18.3.1\node_modules\@emotion\react\dist\emotion-element-e8f4cc37.development.cjs.js:60:23
    at Grid (C:\projekt\beauty-salon-management-system\beauty-salon-frontend\node_modules\.pnpm\@mui+material@5.18.0_@emoti_136728582fedef94cbdf8cadc9fbd913\node_modules\@mui\material\node\Grid\Grid.js:381:64)
    at div
    at C:\projekt\beauty-salon-management-system\beauty-salon-frontend\node_modules\.pnpm\@emotion+react@11.14.0_@types+react@18.3.27_react@18.3.1\node_modules\@emotion\react\dist\emotion-element-e8f4cc37.development.cjs.js:60:23
    at Grid (C:\projekt\beauty-salon-management-system\beauty-salon-frontend\node_modules\.pnpm\@mui+system@5.18.0_@emotion_1618f14f8b8f0c61b33e8dee883594d2\node_modules\@mui\system\Stack\createStack.js:149:24)
    at ProfilePage (C:\projekt\beauty-salon-management-system\beauty-salon-frontend\src\pages\AccountPage.tsx:17:63)
    at Router (C:\projekt\beauty-salon-management-system\beauty-salon-frontend\node_modules\.pnpm\react-router@6.30.2_react@18.3.1\node_modules\react-router\dist\umd\react-router.development.js:1207:17)
    at MemoryRouter (C:\projekt\beauty-salon-management-system\beauty-salon-frontend\node_modules\.pnpm\react-router@6.30.2_react@18.3.1\node_modules\react-router\dist\umd\react-router.development.js:1101:7)
Warning: An update to ForwardRef(FormControl) inside a test was not wrapped in act(...).

When testing, code that causes React state updates should be wrapped into act(...):

act(() =&gt; {
  /* fire events that update state */
});
/* assert on the output */

This ensures that you&apos;re testing the behavior the user would see in the browser. Learn more at https://reactjs.org/link/wrap-tests-with-act
    at FormControl (C:\projekt\beauty-salon-management-system\beauty-salon-frontend\node_modules\.pnpm\@mui+material@5.18.0_@emoti_136728582fedef94cbdf8cadc9fbd913\node_modules\@mui\material\node\FormControl\FormControl.js:92:59)
    at C:\projekt\beauty-salon-management-system\beauty-salon-frontend\node_modules\.pnpm\@emotion+react@11.14.0_@types+react@18.3.27_react@18.3.1\node_modules\@emotion\react\dist\emotion-element-e8f4cc37.development.cjs.js:60:23
    at TextField (C:\projekt\beauty-salon-management-system\beauty-salon-frontend\node_modules\.pnpm\@mui+material@5.18.0_@emoti_136728582fedef94cbdf8cadc9fbd913\node_modules\@mui\material\node\TextField\TextField.js:84:59)
    at div
    at C:\projekt\beauty-salon-management-system\beauty-salon-frontend\node_modules\.pnpm\@emotion+react@11.14.0_@types+react@18.3.27_react@18.3.1\node_modules\@emotion\react\dist\emotion-element-e8f4cc37.development.cjs.js:60:23
    at Grid (C:\projekt\beauty-salon-management-system\beauty-salon-frontend\node_modules\.pnpm\@mui+system@5.18.0_@emotion_1618f14f8b8f0c61b33e8dee883594d2\node_modules\@mui\system\Stack\createStack.js:149:24)
    at div
    at C:\projekt\beauty-salon-management-system\beauty-salon-frontend\node_modules\.pnpm\@emotion+react@11.14.0_@types+react@18.3.27_react@18.3.1\node_modules\@emotion\react\dist\emotion-element-e8f4cc37.development.cjs.js:60:23
    at CardContent (C:\projekt\beauty-salon-management-system\beauty-salon-frontend\node_modules\.pnpm\@mui+material@5.18.0_@emoti_136728582fedef94cbdf8cadc9fbd913\node_modules\@mui\material\node\CardContent\CardContent.js:44:59)
    at div
    at C:\projekt\beauty-salon-management-system\beauty-salon-frontend\node_modules\.pnpm\@emotion+react@11.14.0_@types+react@18.3.27_react@18.3.1\node_modules\@emotion\react\dist\emotion-element-e8f4cc37.development.cjs.js:60:23
    at Paper (C:\projekt\beauty-salon-management-system\beauty-salon-frontend\node_modules\.pnpm\@mui+material@5.18.0_@emoti_136728582fedef94cbdf8cadc9fbd913\node_modules\@mui\material\node\Paper\Paper.js:70:59)
    at C:\projekt\beauty-salon-management-system\beauty-salon-frontend\node_modules\.pnpm\@emotion+react@11.14.0_@types+react@18.3.27_react@18.3.1\node_modules\@emotion\react\dist\emotion-element-e8f4cc37.development.cjs.js:60:23
    at Card (C:\projekt\beauty-salon-management-system\beauty-salon-frontend\node_modules\.pnpm\@mui+material@5.18.0_@emoti_136728582fedef94cbdf8cadc9fbd913\node_modules\@mui\material\node\Card\Card.js:43:59)
    at div
    at C:\projekt\beauty-salon-management-system\beauty-salon-frontend\node_modules\.pnpm\@emotion+react@11.14.0_@types+react@18.3.27_react@18.3.1\node_modules\@emotion\react\dist\emotion-element-e8f4cc37.development.cjs.js:60:23
    at Grid (C:\projekt\beauty-salon-management-system\beauty-salon-frontend\node_modules\.pnpm\@mui+material@5.18.0_@emoti_136728582fedef94cbdf8cadc9fbd913\node_modules\@mui\material\node\Grid\Grid.js:381:64)
    at div
    at C:\projekt\beauty-salon-management-system\beauty-salon-frontend\node_modules\.pnpm\@emotion+react@11.14.0_@types+react@18.3.27_react@18.3.1\node_modules\@emotion\react\dist\emotion-element-e8f4cc37.development.cjs.js:60:23
    at Grid (C:\projekt\beauty-salon-management-system\beauty-salon-frontend\node_modules\.pnpm\@mui+material@5.18.0_@emoti_136728582fedef94cbdf8cadc9fbd913\node_modules\@mui\material\node\Grid\Grid.js:381:64)
    at div
    at C:\projekt\beauty-salon-management-system\beauty-salon-frontend\node_modules\.pnpm\@emotion+react@11.14.0_@types+react@18.3.27_react@18.3.1\node_modules\@emotion\react\dist\emotion-element-e8f4cc37.development.cjs.js:60:23
    at Grid (C:\projekt\beauty-salon-management-system\beauty-salon-frontend\node_modules\.pnpm\@mui+system@5.18.0_@emotion_1618f14f8b8f0c61b33e8dee883594d2\node_modules\@mui\system\Stack\createStack.js:149:24)
    at ProfilePage (C:\projekt\beauty-salon-management-system\beauty-salon-frontend\src\pages\AccountPage.tsx:17:63)
    at Router (C:\projekt\beauty-salon-management-system\beauty-salon-frontend\node_modules\.pnpm\react-router@6.30.2_react@18.3.1\node_modules\react-router\dist\umd\react-router.development.js:1207:17)
    at MemoryRouter (C:\projekt\beauty-salon-management-system\beauty-salon-frontend\node_modules\.pnpm\react-router@6.30.2_react@18.3.1\node_modules\react-router\dist\umd\react-router.development.js:1101:7)
Warning: An update to ForwardRef(FormControl) inside a test was not wrapped in act(...).

When testing, code that causes React state updates should be wrapped into act(...):

act(() =&gt; {
  /* fire events that update state */
});
/* assert on the output */

This ensures that you&apos;re testing the behavior the user would see in the browser. Learn more at https://reactjs.org/link/wrap-tests-with-act
    at FormControl (C:\projekt\beauty-salon-management-system\beauty-salon-frontend\node_modules\.pnpm\@mui+material@5.18.0_@emoti_136728582fedef94cbdf8cadc9fbd913\node_modules\@mui\material\node\FormControl\FormControl.js:92:59)
    at C:\projekt\beauty-salon-management-system\beauty-salon-frontend\node_modules\.pnpm\@emotion+react@11.14.0_@types+react@18.3.27_react@18.3.1\node_modules\@emotion\react\dist\emotion-element-e8f4cc37.development.cjs.js:60:23
    at TextField (C:\projekt\beauty-salon-management-system\beauty-salon-frontend\node_modules\.pnpm\@mui+material@5.18.0_@emoti_136728582fedef94cbdf8cadc9fbd913\node_modules\@mui\material\node\TextField\TextField.js:84:59)
    at div
    at C:\projekt\beauty-salon-management-system\beauty-salon-frontend\node_modules\.pnpm\@emotion+react@11.14.0_@types+react@18.3.27_react@18.3.1\node_modules\@emotion\react\dist\emotion-element-e8f4cc37.development.cjs.js:60:23
    at Grid (C:\projekt\beauty-salon-management-system\beauty-salon-frontend\node_modules\.pnpm\@mui+system@5.18.0_@emotion_1618f14f8b8f0c61b33e8dee883594d2\node_modules\@mui\system\Stack\createStack.js:149:24)
    at div
    at C:\projekt\beauty-salon-management-system\beauty-salon-frontend\node_modules\.pnpm\@emotion+react@11.14.0_@types+react@18.3.27_react@18.3.1\node_modules\@emotion\react\dist\emotion-element-e8f4cc37.development.cjs.js:60:23
    at CardContent (C:\projekt\beauty-salon-management-system\beauty-salon-frontend\node_modules\.pnpm\@mui+material@5.18.0_@emoti_136728582fedef94cbdf8cadc9fbd913\node_modules\@mui\material\node\CardContent\CardContent.js:44:59)
    at div
    at C:\projekt\beauty-salon-management-system\beauty-salon-frontend\node_modules\.pnpm\@emotion+react@11.14.0_@types+react@18.3.27_react@18.3.1\node_modules\@emotion\react\dist\emotion-element-e8f4cc37.development.cjs.js:60:23
    at Paper (C:\projekt\beauty-salon-management-system\beauty-salon-frontend\node_modules\.pnpm\@mui+material@5.18.0_@emoti_136728582fedef94cbdf8cadc9fbd913\node_modules\@mui\material\node\Paper\Paper.js:70:59)
    at C:\projekt\beauty-salon-management-system\beauty-salon-frontend\node_modules\.pnpm\@emotion+react@11.14.0_@types+react@18.3.27_react@18.3.1\node_modules\@emotion\react\dist\emotion-element-e8f4cc37.development.cjs.js:60:23
    at Card (C:\projekt\beauty-salon-management-system\beauty-salon-frontend\node_modules\.pnpm\@mui+material@5.18.0_@emoti_136728582fedef94cbdf8cadc9fbd913\node_modules\@mui\material\node\Card\Card.js:43:59)
    at div
    at C:\projekt\beauty-salon-management-system\beauty-salon-frontend\node_modules\.pnpm\@emotion+react@11.14.0_@types+react@18.3.27_react@18.3.1\node_modules\@emotion\react\dist\emotion-element-e8f4cc37.development.cjs.js:60:23
    at Grid (C:\projekt\beauty-salon-management-system\beauty-salon-frontend\node_modules\.pnpm\@mui+material@5.18.0_@emoti_136728582fedef94cbdf8cadc9fbd913\node_modules\@mui\material\node\Grid\Grid.js:381:64)
    at div
    at C:\projekt\beauty-salon-management-system\beauty-salon-frontend\node_modules\.pnpm\@emotion+react@11.14.0_@types+react@18.3.27_react@18.3.1\node_modules\@emotion\react\dist\emotion-element-e8f4cc37.development.cjs.js:60:23
    at Grid (C:\projekt\beauty-salon-management-system\beauty-salon-frontend\node_modules\.pnpm\@mui+material@5.18.0_@emoti_136728582fedef94cbdf8cadc9fbd913\node_modules\@mui\material\node\Grid\Grid.js:381:64)
    at div
    at C:\projekt\beauty-salon-management-system\beauty-salon-frontend\node_modules\.pnpm\@emotion+react@11.14.0_@types+react@18.3.27_react@18.3.1\node_modules\@emotion\react\dist\emotion-element-e8f4cc37.development.cjs.js:60:23
    at Grid (C:\projekt\beauty-salon-management-system\beauty-salon-frontend\node_modules\.pnpm\@mui+system@5.18.0_@emotion_1618f14f8b8f0c61b33e8dee883594d2\node_modules\@mui\system\Stack\createStack.js:149:24)
    at ProfilePage (C:\projekt\beauty-salon-management-system\beauty-salon-frontend\src\pages\AccountPage.tsx:17:63)
    at Router (C:\projekt\beauty-salon-management-system\beauty-salon-frontend\node_modules\.pnpm\react-router@6.30.2_react@18.3.1\node_modules\react-router\dist\umd\react-router.development.js:1207:17)
    at MemoryRouter (C:\projekt\beauty-salon-management-system\beauty-salon-frontend\node_modules\.pnpm\react-router@6.30.2_react@18.3.1\node_modules\react-router\dist\umd\react-router.development.js:1101:7)
Warning: An update to ForwardRef(FormControl) inside a test was not wrapped in act(...).

When testing, code that causes React state updates should be wrapped into act(...):

act(() =&gt; {
  /* fire events that update state */
});
/* assert on the output */

This ensures that you&apos;re testing the behavior the user would see in the browser. Learn more at https://reactjs.org/link/wrap-tests-with-act
    at FormControl (C:\projekt\beauty-salon-management-system\beauty-salon-frontend\node_modules\.pnpm\@mui+material@5.18.0_@emoti_136728582fedef94cbdf8cadc9fbd913\node_modules\@mui\material\node\FormControl\FormControl.js:92:59)
    at C:\projekt\beauty-salon-management-system\beauty-salon-frontend\node_modules\.pnpm\@emotion+react@11.14.0_@types+react@18.3.27_react@18.3.1\node_modules\@emotion\react\dist\emotion-element-e8f4cc37.development.cjs.js:60:23
    at TextField (C:\projekt\beauty-salon-management-system\beauty-salon-frontend\node_modules\.pnpm\@mui+material@5.18.0_@emoti_136728582fedef94cbdf8cadc9fbd913\node_modules\@mui\material\node\TextField\TextField.js:84:59)
    at div
    at C:\projekt\beauty-salon-management-system\beauty-salon-frontend\node_modules\.pnpm\@emotion+react@11.14.0_@types+react@18.3.27_react@18.3.1\node_modules\@emotion\react\dist\emotion-element-e8f4cc37.development.cjs.js:60:23
    at Grid (C:\projekt\beauty-salon-management-system\beauty-salon-frontend\node_modules\.pnpm\@mui+system@5.18.0_@emotion_1618f14f8b8f0c61b33e8dee883594d2\node_modules\@mui\system\Stack\createStack.js:149:24)
    at div
    at C:\projekt\beauty-salon-management-system\beauty-salon-frontend\node_modules\.pnpm\@emotion+react@11.14.0_@types+react@18.3.27_react@18.3.1\node_modules\@emotion\react\dist\emotion-element-e8f4cc37.development.cjs.js:60:23
    at CardContent (C:\projekt\beauty-salon-management-system\beauty-salon-frontend\node_modules\.pnpm\@mui+material@5.18.0_@emoti_136728582fedef94cbdf8cadc9fbd913\node_modules\@mui\material\node\CardContent\CardContent.js:44:59)
    at div
    at C:\projekt\beauty-salon-management-system\beauty-salon-frontend\node_modules\.pnpm\@emotion+react@11.14.0_@types+react@18.3.27_react@18.3.1\node_modules\@emotion\react\dist\emotion-element-e8f4cc37.development.cjs.js:60:23
    at Paper (C:\projekt\beauty-salon-management-system\beauty-salon-frontend\node_modules\.pnpm\@mui+material@5.18.0_@emoti_136728582fedef94cbdf8cadc9fbd913\node_modules\@mui\material\node\Paper\Paper.js:70:59)
    at C:\projekt\beauty-salon-management-system\beauty-salon-frontend\node_modules\.pnpm\@emotion+react@11.14.0_@types+react@18.3.27_react@18.3.1\node_modules\@emotion\react\dist\emotion-element-e8f4cc37.development.cjs.js:60:23
    at Card (C:\projekt\beauty-salon-management-system\beauty-salon-frontend\node_modules\.pnpm\@mui+material@5.18.0_@emoti_136728582fedef94cbdf8cadc9fbd913\node_modules\@mui\material\node\Card\Card.js:43:59)
    at div
    at C:\projekt\beauty-salon-management-system\beauty-salon-frontend\node_modules\.pnpm\@emotion+react@11.14.0_@types+react@18.3.27_react@18.3.1\node_modules\@emotion\react\dist\emotion-element-e8f4cc37.development.cjs.js:60:23
    at Grid (C:\projekt\beauty-salon-management-system\beauty-salon-frontend\node_modules\.pnpm\@mui+material@5.18.0_@emoti_136728582fedef94cbdf8cadc9fbd913\node_modules\@mui\material\node\Grid\Grid.js:381:64)
    at div
    at C:\projekt\beauty-salon-management-system\beauty-salon-frontend\node_modules\.pnpm\@emotion+react@11.14.0_@types+react@18.3.27_react@18.3.1\node_modules\@emotion\react\dist\emotion-element-e8f4cc37.development.cjs.js:60:23
    at Grid (C:\projekt\beauty-salon-management-system\beauty-salon-frontend\node_modules\.pnpm\@mui+material@5.18.0_@emoti_136728582fedef94cbdf8cadc9fbd913\node_modules\@mui\material\node\Grid\Grid.js:381:64)
    at div
    at C:\projekt\beauty-salon-management-system\beauty-salon-frontend\node_modules\.pnpm\@emotion+react@11.14.0_@types+react@18.3.27_react@18.3.1\node_modules\@emotion\react\dist\emotion-element-e8f4cc37.development.cjs.js:60:23
    at Grid (C:\projekt\beauty-salon-management-system\beauty-salon-frontend\node_modules\.pnpm\@mui+system@5.18.0_@emotion_1618f14f8b8f0c61b33e8dee883594d2\node_modules\@mui\system\Stack\createStack.js:149:24)
    at ProfilePage (C:\projekt\beauty-salon-management-system\beauty-salon-frontend\src\pages\AccountPage.tsx:17:63)
    at Router (C:\projekt\beauty-salon-management-system\beauty-salon-frontend\node_modules\.pnpm\react-router@6.30.2_react@18.3.1\node_modules\react-router\dist\umd\react-router.development.js:1207:17)
    at MemoryRouter (C:\projekt\beauty-salon-management-system\beauty-salon-frontend\node_modules\.pnpm\react-router@6.30.2_react@18.3.1\node_modules\react-router\dist\umd\react-router.development.js:1101:7)
Warning: An update to ForwardRef(Snackbar) inside a test was not wrapped in act(...).

When testing, code that causes React state updates should be wrapped into act(...):

act(() =&gt; {
  /* fire events that update state */
});
/* assert on the output */

This ensures that you&apos;re testing the behavior the user would see in the browser. Learn more at https://reactjs.org/link/wrap-tests-with-act
    at Snackbar (C:\projekt\beauty-salon-management-system\beauty-salon-frontend\node_modules\.pnpm\@mui+material@5.18.0_@emoti_136728582fedef94cbdf8cadc9fbd913\node_modules\@mui\material\node\Snackbar\Snackbar.js:87:59)
    at div
    at C:\projekt\beauty-salon-management-system\beauty-salon-frontend\node_modules\.pnpm\@emotion+react@11.14.0_@types+react@18.3.27_react@18.3.1\node_modules\@emotion\react\dist\emotion-element-e8f4cc37.development.cjs.js:60:23
    at Grid (C:\projekt\beauty-salon-management-system\beauty-salon-frontend\node_modules\.pnpm\@mui+system@5.18.0_@emotion_1618f14f8b8f0c61b33e8dee883594d2\node_modules\@mui\system\Stack\createStack.js:149:24)
    at ProfilePage (C:\projekt\beauty-salon-management-system\beauty-salon-frontend\src\pages\AccountPage.tsx:17:63)
    at Router (C:\projekt\beauty-salon-management-system\beauty-salon-frontend\node_modules\.pnpm\react-router@6.30.2_react@18.3.1\node_modules\react-router\dist\umd\react-router.development.js:1207:17)
    at MemoryRouter (C:\projekt\beauty-salon-management-system\beauty-salon-frontend\node_modules\.pnpm\react-router@6.30.2_react@18.3.1\node_modules\react-router\dist\umd\react-router.development.js:1101:7)
Warning: An update to Transition inside a test was not wrapped in act(...).

When testing, code that causes React state updates should be wrapped into act(...):

act(() =&gt; {
  /* fire events that update state */
});
/* assert on the output */

This ensures that you&apos;re testing the behavior the user would see in the browser. Learn more at https://reactjs.org/link/wrap-tests-with-act
    at Transition (C:\projekt\beauty-salon-management-system\beauty-salon-frontend\node_modules\.pnpm\react-transition-group@4.4._ea827a607bbb9ce48eba17f05126488f\node_modules\react-transition-group\cjs\Transition.js:135:30)
    at Grow (C:\projekt\beauty-salon-management-system\beauty-salon-frontend\node_modules\.pnpm\@mui+material@5.18.0_@emoti_136728582fedef94cbdf8cadc9fbd913\node_modules\@mui\material\node\Grow\Grow.js:51:7)
    at div
    at C:\projekt\beauty-salon-management-system\beauty-salon-frontend\node_modules\.pnpm\@emotion+react@11.14.0_@types+react@18.3.27_react@18.3.1\node_modules\@emotion\react\dist\emotion-element-e8f4cc37.development.cjs.js:60:23
    at ClickAwayListener (C:\projekt\beauty-salon-management-system\beauty-salon-frontend\node_modules\.pnpm\@mui+material@5.18.0_@emoti_136728582fedef94cbdf8cadc9fbd913\node_modules\@mui\material\node\ClickAwayListener\ClickAwayListener.js:38:5)
    at Snackbar (C:\projekt\beauty-salon-management-system\beauty-salon-frontend\node_modules\.pnpm\@mui+material@5.18.0_@emoti_136728582fedef94cbdf8cadc9fbd913\node_modules\@mui\material\node\Snackbar\Snackbar.js:87:59)
    at div
    at C:\projekt\beauty-salon-management-system\beauty-salon-frontend\node_modules\.pnpm\@emotion+react@11.14.0_@types+react@18.3.27_react@18.3.1\node_modules\@emotion\react\dist\emotion-element-e8f4cc37.development.cjs.js:60:23
    at Grid (C:\projekt\beauty-salon-management-system\beauty-salon-frontend\node_modules\.pnpm\@mui+system@5.18.0_@emotion_1618f14f8b8f0c61b33e8dee883594d2\node_modules\@mui\system\Stack\createStack.js:149:24)
    at ProfilePage (C:\projekt\beauty-salon-management-system\beauty-salon-frontend\src\pages\AccountPage.tsx:17:63)
    at Router (C:\projekt\beauty-salon-management-system\beauty-salon-frontend\node_modules\.pnpm\react-router@6.30.2_react@18.3.1\node_modules\react-router\dist\umd\react-router.development.js:1207:17)
    at MemoryRouter (C:\projekt\beauty-salon-management-system\beauty-salon-frontend\node_modules\.pnpm\react-router@6.30.2_react@18.3.1\node_modules\react-router\dist\umd\react-router.development.js:1101:7)
Warning: An update to ForwardRef(FormControl) inside a test was not wrapped in act(...).

When testing, code that causes React state updates should be wrapped into act(...):

act(() =&gt; {
  /* fire events that update state */
});
/* assert on the output */

This ensures that you&apos;re testing the behavior the user would see in the browser. Learn more at https://reactjs.org/link/wrap-tests-with-act
    at FormControl (C:\projekt\beauty-salon-management-system\beauty-salon-frontend\node_modules\.pnpm\@mui+material@5.18.0_@emoti_136728582fedef94cbdf8cadc9fbd913\node_modules\@mui\material\node\FormControl\FormControl.js:92:59)
    at C:\projekt\beauty-salon-management-system\beauty-salon-frontend\node_modules\.pnpm\@emotion+react@11.14.0_@types+react@18.3.27_react@18.3.1\node_modules\@emotion\react\dist\emotion-element-e8f4cc37.development.cjs.js:60:23
    at TextField (C:\projekt\beauty-salon-management-system\beauty-salon-frontend\node_modules\.pnpm\@mui+material@5.18.0_@emoti_136728582fedef94cbdf8cadc9fbd913\node_modules\@mui\material\node\TextField\TextField.js:84:59)
    at div
    at C:\projekt\beauty-salon-management-system\beauty-salon-frontend\node_modules\.pnpm\@emotion+react@11.14.0_@types+react@18.3.27_react@18.3.1\node_modules\@emotion\react\dist\emotion-element-e8f4cc37.development.cjs.js:60:23
    at Grid (C:\projekt\beauty-salon-management-system\beauty-salon-frontend\node_modules\.pnpm\@mui+system@5.18.0_@emotion_1618f14f8b8f0c61b33e8dee883594d2\node_modules\@mui\system\Stack\createStack.js:149:24)
    at div
    at C:\projekt\beauty-salon-management-system\beauty-salon-frontend\node_modules\.pnpm\@emotion+react@11.14.0_@types+react@18.3.27_react@18.3.1\node_modules\@emotion\react\dist\emotion-element-e8f4cc37.development.cjs.js:60:23
    at Grid (C:\projekt\beauty-salon-management-system\beauty-salon-frontend\node_modules\.pnpm\@mui+system@5.18.0_@emotion_1618f14f8b8f0c61b33e8dee883594d2\node_modules\@mui\system\Stack\createStack.js:149:24)
    at div
    at C:\projekt\beauty-salon-management-system\beauty-salon-frontend\node_modules\.pnpm\@emotion+react@11.14.0_@types+react@18.3.27_react@18.3.1\node_modules\@emotion\react\dist\emotion-element-e8f4cc37.development.cjs.js:60:23
    at CardContent (C:\projekt\beauty-salon-management-system\beauty-salon-frontend\node_modules\.pnpm\@mui+material@5.18.0_@emoti_136728582fedef94cbdf8cadc9fbd913\node_modules\@mui\material\node\CardContent\CardContent.js:44:59)
    at div
    at C:\projekt\beauty-salon-management-system\beauty-salon-frontend\node_modules\.pnpm\@emotion+react@11.14.0_@types+react@18.3.27_react@18.3.1\node_modules\@emotion\react\dist\emotion-element-e8f4cc37.development.cjs.js:60:23
    at Paper (C:\projekt\beauty-salon-management-system\beauty-salon-frontend\node_modules\.pnpm\@mui+material@5.18.0_@emoti_136728582fedef94cbdf8cadc9fbd913\node_modules\@mui\material\node\Paper\Paper.js:70:59)
    at C:\projekt\beauty-salon-management-system\beauty-salon-frontend\node_modules\.pnpm\@emotion+react@11.14.0_@types+react@18.3.27_react@18.3.1\node_modules\@emotion\react\dist\emotion-element-e8f4cc37.development.cjs.js:60:23
    at Card (C:\projekt\beauty-salon-management-system\beauty-salon-frontend\node_modules\.pnpm\@mui+material@5.18.0_@emoti_136728582fedef94cbdf8cadc9fbd913\node_modules\@mui\material\node\Card\Card.js:43:59)
    at div
    at C:\projekt\beauty-salon-management-system\beauty-salon-frontend\node_modules\.pnpm\@emotion+react@11.14.0_@types+react@18.3.27_react@18.3.1\node_modules\@emotion\react\dist\emotion-element-e8f4cc37.development.cjs.js:60:23
    at Grid (C:\projekt\beauty-salon-management-system\beauty-salon-frontend\node_modules\.pnpm\@mui+material@5.18.0_@emoti_136728582fedef94cbdf8cadc9fbd913\node_modules\@mui\material\node\Grid\Grid.js:381:64)
    at div
    at C:\projekt\beauty-salon-management-system\beauty-salon-frontend\node_modules\.pnpm\@emotion+react@11.14.0_@types+react@18.3.27_react@18.3.1\node_modules\@emotion\react\dist\emotion-element-e8f4cc37.development.cjs.js:60:23
    at Grid (C:\projekt\beauty-salon-management-system\beauty-salon-frontend\node_modules\.pnpm\@mui+material@5.18.0_@emoti_136728582fedef94cbdf8cadc9fbd913\node_modules\@mui\material\node\Grid\Grid.js:381:64)
    at div
    at C:\projekt\beauty-salon-management-system\beauty-salon-frontend\node_modules\.pnpm\@emotion+react@11.14.0_@types+react@18.3.27_react@18.3.1\node_modules\@emotion\react\dist\emotion-element-e8f4cc37.development.cjs.js:60:23
    at Grid (C:\projekt\beauty-salon-management-system\beauty-salon-frontend\node_modules\.pnpm\@mui+system@5.18.0_@emotion_1618f14f8b8f0c61b33e8dee883594d2\node_modules\@mui\system\Stack\createStack.js:149:24)
    at ProfilePage (C:\projekt\beauty-salon-management-system\beauty-salon-frontend\src\pages\AccountPage.tsx:17:63)
    at Router (C:\projekt\beauty-salon-management-system\beauty-salon-frontend\node_modules\.pnpm\react-router@6.30.2_react@18.3.1\node_modules\react-router\dist\umd\react-router.development.js:1207:17)
    at MemoryRouter (C:\projekt\beauty-salon-management-system\beauty-salon-frontend\node_modules\.pnpm\react-router@6.30.2_react@18.3.1\node_modules\react-router\dist\umd\react-router.development.js:1101:7)
Warning: An update to ForwardRef(FormControl) inside a test was not wrapped in act(...).

When testing, code that causes React state updates should be wrapped into act(...):

act(() =&gt; {
  /* fire events that update state */
});
/* assert on the output */

This ensures that you&apos;re testing the behavior the user would see in the browser. Learn more at https://reactjs.org/link/wrap-tests-with-act
    at FormControl (C:\projekt\beauty-salon-management-system\beauty-salon-frontend\node_modules\.pnpm\@mui+material@5.18.0_@emoti_136728582fedef94cbdf8cadc9fbd913\node_modules\@mui\material\node\FormControl\FormControl.js:92:59)
    at C:\projekt\beauty-salon-management-system\beauty-salon-frontend\node_modules\.pnpm\@emotion+react@11.14.0_@types+react@18.3.27_react@18.3.1\node_modules\@emotion\react\dist\emotion-element-e8f4cc37.development.cjs.js:60:23
    at TextField (C:\projekt\beauty-salon-management-system\beauty-salon-frontend\node_modules\.pnpm\@mui+material@5.18.0_@emoti_136728582fedef94cbdf8cadc9fbd913\node_modules\@mui\material\node\TextField\TextField.js:84:59)
    at div
    at C:\projekt\beauty-salon-management-system\beauty-salon-frontend\node_modules\.pnpm\@emotion+react@11.14.0_@types+react@18.3.27_react@18.3.1\node_modules\@emotion\react\dist\emotion-element-e8f4cc37.development.cjs.js:60:23
    at Grid (C:\projekt\beauty-salon-management-system\beauty-salon-frontend\node_modules\.pnpm\@mui+system@5.18.0_@emotion_1618f14f8b8f0c61b33e8dee883594d2\node_modules\@mui\system\Stack\createStack.js:149:24)
    at div
    at C:\projekt\beauty-salon-management-system\beauty-salon-frontend\node_modules\.pnpm\@emotion+react@11.14.0_@types+react@18.3.27_react@18.3.1\node_modules\@emotion\react\dist\emotion-element-e8f4cc37.development.cjs.js:60:23
    at Grid (C:\projekt\beauty-salon-management-system\beauty-salon-frontend\node_modules\.pnpm\@mui+system@5.18.0_@emotion_1618f14f8b8f0c61b33e8dee883594d2\node_modules\@mui\system\Stack\createStack.js:149:24)
    at div
    at C:\projekt\beauty-salon-management-system\beauty-salon-frontend\node_modules\.pnpm\@emotion+react@11.14.0_@types+react@18.3.27_react@18.3.1\node_modules\@emotion\react\dist\emotion-element-e8f4cc37.development.cjs.js:60:23
    at CardContent (C:\projekt\beauty-salon-management-system\beauty-salon-frontend\node_modules\.pnpm\@mui+material@5.18.0_@emoti_136728582fedef94cbdf8cadc9fbd913\node_modules\@mui\material\node\CardContent\CardContent.js:44:59)
    at div
    at C:\projekt\beauty-salon-management-system\beauty-salon-frontend\node_modules\.pnpm\@emotion+react@11.14.0_@types+react@18.3.27_react@18.3.1\node_modules\@emotion\react\dist\emotion-element-e8f4cc37.development.cjs.js:60:23
    at Paper (C:\projekt\beauty-salon-management-system\beauty-salon-frontend\node_modules\.pnpm\@mui+material@5.18.0_@emoti_136728582fedef94cbdf8cadc9fbd913\node_modules\@mui\material\node\Paper\Paper.js:70:59)
    at C:\projekt\beauty-salon-management-system\beauty-salon-frontend\node_modules\.pnpm\@emotion+react@11.14.0_@types+react@18.3.27_react@18.3.1\node_modules\@emotion\react\dist\emotion-element-e8f4cc37.development.cjs.js:60:23
    at Card (C:\projekt\beauty-salon-management-system\beauty-salon-frontend\node_modules\.pnpm\@mui+material@5.18.0_@emoti_136728582fedef94cbdf8cadc9fbd913\node_modules\@mui\material\node\Card\Card.js:43:59)
    at div
    at C:\projekt\beauty-salon-management-system\beauty-salon-frontend\node_modules\.pnpm\@emotion+react@11.14.0_@types+react@18.3.27_react@18.3.1\node_modules\@emotion\react\dist\emotion-element-e8f4cc37.development.cjs.js:60:23
    at Grid (C:\projekt\beauty-salon-management-system\beauty-salon-frontend\node_modules\.pnpm\@mui+material@5.18.0_@emoti_136728582fedef94cbdf8cadc9fbd913\node_modules\@mui\material\node\Grid\Grid.js:381:64)
    at div
    at C:\projekt\beauty-salon-management-system\beauty-salon-frontend\node_modules\.pnpm\@emotion+react@11.14.0_@types+react@18.3.27_react@18.3.1\node_modules\@emotion\react\dist\emotion-element-e8f4cc37.development.cjs.js:60:23
    at Grid (C:\projekt\beauty-salon-management-system\beauty-salon-frontend\node_modules\.pnpm\@mui+material@5.18.0_@emoti_136728582fedef94cbdf8cadc9fbd913\node_modules\@mui\material\node\Grid\Grid.js:381:64)
    at div
    at C:\projekt\beauty-salon-management-system\beauty-salon-frontend\node_modules\.pnpm\@emotion+react@11.14.0_@types+react@18.3.27_react@18.3.1\node_modules\@emotion\react\dist\emotion-element-e8f4cc37.development.cjs.js:60:23
    at Grid (C:\projekt\beauty-salon-management-system\beauty-salon-frontend\node_modules\.pnpm\@mui+system@5.18.0_@emotion_1618f14f8b8f0c61b33e8dee883594d2\node_modules\@mui\system\Stack\createStack.js:149:24)
    at ProfilePage (C:\projekt\beauty-salon-management-system\beauty-salon-frontend\src\pages\AccountPage.tsx:17:63)
    at Router (C:\projekt\beauty-salon-management-system\beauty-salon-frontend\node_modules\.pnpm\react-router@6.30.2_react@18.3.1\node_modules\react-router\dist\umd\react-router.development.js:1207:17)
    at MemoryRouter (C:\projekt\beauty-salon-management-system\beauty-salon-frontend\node_modules\.pnpm\react-router@6.30.2_react@18.3.1\node_modules\react-router\dist\umd\react-router.development.js:1101:7)
Warning: An update to ForwardRef(FormControl) inside a test was not wrapped in act(...).

When testing, code that causes React state updates should be wrapped into act(...):

act(() =&gt; {
  /* fire events that update state */
});
/* assert on the output */

This ensures that you&apos;re testing the behavior the user would see in the browser. Learn more at https://reactjs.org/link/wrap-tests-with-act
    at FormControl (C:\projekt\beauty-salon-management-system\beauty-salon-frontend\node_modules\.pnpm\@mui+material@5.18.0_@emoti_136728582fedef94cbdf8cadc9fbd913\node_modules\@mui\material\node\FormControl\FormControl.js:92:59)
    at C:\projekt\beauty-salon-management-system\beauty-salon-frontend\node_modules\.pnpm\@emotion+react@11.14.0_@types+react@18.3.27_react@18.3.1\node_modules\@emotion\react\dist\emotion-element-e8f4cc37.development.cjs.js:60:23
    at TextField (C:\projekt\beauty-salon-management-system\beauty-salon-frontend\node_modules\.pnpm\@mui+material@5.18.0_@emoti_136728582fedef94cbdf8cadc9fbd913\node_modules\@mui\material\node\TextField\TextField.js:84:59)
    at div
    at C:\projekt\beauty-salon-management-system\beauty-salon-frontend\node_modules\.pnpm\@emotion+react@11.14.0_@types+react@18.3.27_react@18.3.1\node_modules\@emotion\react\dist\emotion-element-e8f4cc37.development.cjs.js:60:23
    at Grid (C:\projekt\beauty-salon-management-system\beauty-salon-frontend\node_modules\.pnpm\@mui+system@5.18.0_@emotion_1618f14f8b8f0c61b33e8dee883594d2\node_modules\@mui\system\Stack\createStack.js:149:24)
    at div
    at C:\projekt\beauty-salon-management-system\beauty-salon-frontend\node_modules\.pnpm\@emotion+react@11.14.0_@types+react@18.3.27_react@18.3.1\node_modules\@emotion\react\dist\emotion-element-e8f4cc37.development.cjs.js:60:23
    at Grid (C:\projekt\beauty-salon-management-system\beauty-salon-frontend\node_modules\.pnpm\@mui+system@5.18.0_@emotion_1618f14f8b8f0c61b33e8dee883594d2\node_modules\@mui\system\Stack\createStack.js:149:24)
    at div
    at C:\projekt\beauty-salon-management-system\beauty-salon-frontend\node_modules\.pnpm\@emotion+react@11.14.0_@types+react@18.3.27_react@18.3.1\node_modules\@emotion\react\dist\emotion-element-e8f4cc37.development.cjs.js:60:23
    at CardContent (C:\projekt\beauty-salon-management-system\beauty-salon-frontend\node_modules\.pnpm\@mui+material@5.18.0_@emoti_136728582fedef94cbdf8cadc9fbd913\node_modules\@mui\material\node\CardContent\CardContent.js:44:59)
    at div
    at C:\projekt\beauty-salon-management-system\beauty-salon-frontend\node_modules\.pnpm\@emotion+react@11.14.0_@types+react@18.3.27_react@18.3.1\node_modules\@emotion\react\dist\emotion-element-e8f4cc37.development.cjs.js:60:23
    at Paper (C:\projekt\beauty-salon-management-system\beauty-salon-frontend\node_modules\.pnpm\@mui+material@5.18.0_@emoti_136728582fedef94cbdf8cadc9fbd913\node_modules\@mui\material\node\Paper\Paper.js:70:59)
    at C:\projekt\beauty-salon-management-system\beauty-salon-frontend\node_modules\.pnpm\@emotion+react@11.14.0_@types+react@18.3.27_react@18.3.1\node_modules\@emotion\react\dist\emotion-element-e8f4cc37.development.cjs.js:60:23
    at Card (C:\projekt\beauty-salon-management-system\beauty-salon-frontend\node_modules\.pnpm\@mui+material@5.18.0_@emoti_136728582fedef94cbdf8cadc9fbd913\node_modules\@mui\material\node\Card\Card.js:43:59)
    at div
    at C:\projekt\beauty-salon-management-system\beauty-salon-frontend\node_modules\.pnpm\@emotion+react@11.14.0_@types+react@18.3.27_react@18.3.1\node_modules\@emotion\react\dist\emotion-element-e8f4cc37.development.cjs.js:60:23
    at Grid (C:\projekt\beauty-salon-management-system\beauty-salon-frontend\node_modules\.pnpm\@mui+material@5.18.0_@emoti_136728582fedef94cbdf8cadc9fbd913\node_modules\@mui\material\node\Grid\Grid.js:381:64)
    at div
    at C:\projekt\beauty-salon-management-system\beauty-salon-frontend\node_modules\.pnpm\@emotion+react@11.14.0_@types+react@18.3.27_react@18.3.1\node_modules\@emotion\react\dist\emotion-element-e8f4cc37.development.cjs.js:60:23
    at Grid (C:\projekt\beauty-salon-management-system\beauty-salon-frontend\node_modules\.pnpm\@mui+material@5.18.0_@emoti_136728582fedef94cbdf8cadc9fbd913\node_modules\@mui\material\node\Grid\Grid.js:381:64)
    at div
    at C:\projekt\beauty-salon-management-system\beauty-salon-frontend\node_modules\.pnpm\@emotion+react@11.14.0_@types+react@18.3.27_react@18.3.1\node_modules\@emotion\react\dist\emotion-element-e8f4cc37.development.cjs.js:60:23
    at Grid (C:\projekt\beauty-salon-management-system\beauty-salon-frontend\node_modules\.pnpm\@mui+system@5.18.0_@emotion_1618f14f8b8f0c61b33e8dee883594d2\node_modules\@mui\system\Stack\createStack.js:149:24)
    at ProfilePage (C:\projekt\beauty-salon-management-system\beauty-salon-frontend\src\pages\AccountPage.tsx:17:63)
    at Router (C:\projekt\beauty-salon-management-system\beauty-salon-frontend\node_modules\.pnpm\react-router@6.30.2_react@18.3.1\node_modules\react-router\dist\umd\react-router.development.js:1207:17)
    at MemoryRouter (C:\projekt\beauty-salon-management-system\beauty-salon-frontend\node_modules\.pnpm\react-router@6.30.2_react@18.3.1\node_modules\react-router\dist\umd\react-router.development.js:1101:7)
Warning: An update to ForwardRef(FormControl) inside a test was not wrapped in act(...).

When testing, code that causes React state updates should be wrapped into act(...):

act(() =&gt; {
  /* fire events that update state */
});
/* assert on the output */

This ensures that you&apos;re testing the behavior the user would see in the browser. Learn more at https://reactjs.org/link/wrap-tests-with-act
    at FormControl (C:\projekt\beauty-salon-management-system\beauty-salon-frontend\node_modules\.pnpm\@mui+material@5.18.0_@emoti_136728582fedef94cbdf8cadc9fbd913\node_modules\@mui\material\node\FormControl\FormControl.js:92:59)
    at C:\projekt\beauty-salon-management-system\beauty-salon-frontend\node_modules\.pnpm\@emotion+react@11.14.0_@types+react@18.3.27_react@18.3.1\node_modules\@emotion\react\dist\emotion-element-e8f4cc37.development.cjs.js:60:23
    at TextField (C:\projekt\beauty-salon-management-system\beauty-salon-frontend\node_modules\.pnpm\@mui+material@5.18.0_@emoti_136728582fedef94cbdf8cadc9fbd913\node_modules\@mui\material\node\TextField\TextField.js:84:59)
    at div
    at C:\projekt\beauty-salon-management-system\beauty-salon-frontend\node_modules\.pnpm\@emotion+react@11.14.0_@types+react@18.3.27_react@18.3.1\node_modules\@emotion\react\dist\emotion-element-e8f4cc37.development.cjs.js:60:23
    at Grid (C:\projekt\beauty-salon-management-system\beauty-salon-frontend\node_modules\.pnpm\@mui+system@5.18.0_@emotion_1618f14f8b8f0c61b33e8dee883594d2\node_modules\@mui\system\Stack\createStack.js:149:24)
    at div
    at C:\projekt\beauty-salon-management-system\beauty-salon-frontend\node_modules\.pnpm\@emotion+react@11.14.0_@types+react@18.3.27_react@18.3.1\node_modules\@emotion\react\dist\emotion-element-e8f4cc37.development.cjs.js:60:23
    at Grid (C:\projekt\beauty-salon-management-system\beauty-salon-frontend\node_modules\.pnpm\@mui+system@5.18.0_@emotion_1618f14f8b8f0c61b33e8dee883594d2\node_modules\@mui\system\Stack\createStack.js:149:24)
    at div
    at C:\projekt\beauty-salon-management-system\beauty-salon-frontend\node_modules\.pnpm\@emotion+react@11.14.0_@types+react@18.3.27_react@18.3.1\node_modules\@emotion\react\dist\emotion-element-e8f4cc37.development.cjs.js:60:23
    at CardContent (C:\projekt\beauty-salon-management-system\beauty-salon-frontend\node_modules\.pnpm\@mui+material@5.18.0_@emoti_136728582fedef94cbdf8cadc9fbd913\node_modules\@mui\material\node\CardContent\CardContent.js:44:59)
    at div
    at C:\projekt\beauty-salon-management-system\beauty-salon-frontend\node_modules\.pnpm\@emotion+react@11.14.0_@types+react@18.3.27_react@18.3.1\node_modules\@emotion\react\dist\emotion-element-e8f4cc37.development.cjs.js:60:23
    at Paper (C:\projekt\beauty-salon-management-system\beauty-salon-frontend\node_modules\.pnpm\@mui+material@5.18.0_@emoti_136728582fedef94cbdf8cadc9fbd913\node_modules\@mui\material\node\Paper\Paper.js:70:59)
    at C:\projekt\beauty-salon-management-system\beauty-salon-frontend\node_modules\.pnpm\@emotion+react@11.14.0_@types+react@18.3.27_react@18.3.1\node_modules\@emotion\react\dist\emotion-element-e8f4cc37.development.cjs.js:60:23
    at Card (C:\projekt\beauty-salon-management-system\beauty-salon-frontend\node_modules\.pnpm\@mui+material@5.18.0_@emoti_136728582fedef94cbdf8cadc9fbd913\node_modules\@mui\material\node\Card\Card.js:43:59)
    at div
    at C:\projekt\beauty-salon-management-system\beauty-salon-frontend\node_modules\.pnpm\@emotion+react@11.14.0_@types+react@18.3.27_react@18.3.1\node_modules\@emotion\react\dist\emotion-element-e8f4cc37.development.cjs.js:60:23
    at Grid (C:\projekt\beauty-salon-management-system\beauty-salon-frontend\node_modules\.pnpm\@mui+material@5.18.0_@emoti_136728582fedef94cbdf8cadc9fbd913\node_modules\@mui\material\node\Grid\Grid.js:381:64)
    at div
    at C:\projekt\beauty-salon-management-system\beauty-salon-frontend\node_modules\.pnpm\@emotion+react@11.14.0_@types+react@18.3.27_react@18.3.1\node_modules\@emotion\react\dist\emotion-element-e8f4cc37.development.cjs.js:60:23
    at Grid (C:\projekt\beauty-salon-management-system\beauty-salon-frontend\node_modules\.pnpm\@mui+material@5.18.0_@emoti_136728582fedef94cbdf8cadc9fbd913\node_modules\@mui\material\node\Grid\Grid.js:381:64)
    at div
    at C:\projekt\beauty-salon-management-system\beauty-salon-frontend\node_modules\.pnpm\@emotion+react@11.14.0_@types+react@18.3.27_react@18.3.1\node_modules\@emotion\react\dist\emotion-element-e8f4cc37.development.cjs.js:60:23
    at Grid (C:\projekt\beauty-salon-management-system\beauty-salon-frontend\node_modules\.pnpm\@mui+system@5.18.0_@emotion_1618f14f8b8f0c61b33e8dee883594d2\node_modules\@mui\system\Stack\createStack.js:149:24)
    at ProfilePage (C:\projekt\beauty-salon-management-system\beauty-salon-frontend\src\pages\AccountPage.tsx:17:63)
    at Router (C:\projekt\beauty-salon-management-system\beauty-salon-frontend\node_modules\.pnpm\react-router@6.30.2_react@18.3.1\node_modules\react-router\dist\umd\react-router.development.js:1207:17)
    at MemoryRouter (C:\projekt\beauty-salon-management-system\beauty-salon-frontend\node_modules\.pnpm\react-router@6.30.2_react@18.3.1\node_modules\react-router\dist\umd\react-router.development.js:1101:7)
Warning: An update to ForwardRef(FormControl) inside a test was not wrapped in act(...).

When testing, code that causes React state updates should be wrapped into act(...):

act(() =&gt; {
  /* fire events that update state */
});
/* assert on the output */

This ensures that you&apos;re testing the behavior the user would see in the browser. Learn more at https://reactjs.org/link/wrap-tests-with-act
    at FormControl (C:\projekt\beauty-salon-management-system\beauty-salon-frontend\node_modules\.pnpm\@mui+material@5.18.0_@emoti_136728582fedef94cbdf8cadc9fbd913\node_modules\@mui\material\node\FormControl\FormControl.js:92:59)
    at C:\projekt\beauty-salon-management-system\beauty-salon-frontend\node_modules\.pnpm\@emotion+react@11.14.0_@types+react@18.3.27_react@18.3.1\node_modules\@emotion\react\dist\emotion-element-e8f4cc37.development.cjs.js:60:23
    at TextField (C:\projekt\beauty-salon-management-system\beauty-salon-frontend\node_modules\.pnpm\@mui+material@5.18.0_@emoti_136728582fedef94cbdf8cadc9fbd913\node_modules\@mui\material\node\TextField\TextField.js:84:59)
    at div
    at C:\projekt\beauty-salon-management-system\beauty-salon-frontend\node_modules\.pnpm\@emotion+react@11.14.0_@types+react@18.3.27_react@18.3.1\node_modules\@emotion\react\dist\emotion-element-e8f4cc37.development.cjs.js:60:23
    at Grid (C:\projekt\beauty-salon-management-system\beauty-salon-frontend\node_modules\.pnpm\@mui+system@5.18.0_@emotion_1618f14f8b8f0c61b33e8dee883594d2\node_modules\@mui\system\Stack\createStack.js:149:24)
    at div
    at C:\projekt\beauty-salon-management-system\beauty-salon-frontend\node_modules\.pnpm\@emotion+react@11.14.0_@types+react@18.3.27_react@18.3.1\node_modules\@emotion\react\dist\emotion-element-e8f4cc37.development.cjs.js:60:23
    at CardContent (C:\projekt\beauty-salon-management-system\beauty-salon-frontend\node_modules\.pnpm\@mui+material@5.18.0_@emoti_136728582fedef94cbdf8cadc9fbd913\node_modules\@mui\material\node\CardContent\CardContent.js:44:59)
    at div
    at C:\projekt\beauty-salon-management-system\beauty-salon-frontend\node_modules\.pnpm\@emotion+react@11.14.0_@types+react@18.3.27_react@18.3.1\node_modules\@emotion\react\dist\emotion-element-e8f4cc37.development.cjs.js:60:23
    at Paper (C:\projekt\beauty-salon-management-system\beauty-salon-frontend\node_modules\.pnpm\@mui+material@5.18.0_@emoti_136728582fedef94cbdf8cadc9fbd913\node_modules\@mui\material\node\Paper\Paper.js:70:59)
    at C:\projekt\beauty-salon-management-system\beauty-salon-frontend\node_modules\.pnpm\@emotion+react@11.14.0_@types+react@18.3.27_react@18.3.1\node_modules\@emotion\react\dist\emotion-element-e8f4cc37.development.cjs.js:60:23
    at Card (C:\projekt\beauty-salon-management-system\beauty-salon-frontend\node_modules\.pnpm\@mui+material@5.18.0_@emoti_136728582fedef94cbdf8cadc9fbd913\node_modules\@mui\material\node\Card\Card.js:43:59)
    at div
    at C:\projekt\beauty-salon-management-system\beauty-salon-frontend\node_modules\.pnpm\@emotion+react@11.14.0_@types+react@18.3.27_react@18.3.1\node_modules\@emotion\react\dist\emotion-element-e8f4cc37.development.cjs.js:60:23
    at Grid (C:\projekt\beauty-salon-management-system\beauty-salon-frontend\node_modules\.pnpm\@mui+material@5.18.0_@emoti_136728582fedef94cbdf8cadc9fbd913\node_modules\@mui\material\node\Grid\Grid.js:381:64)
    at div
    at C:\projekt\beauty-salon-management-system\beauty-salon-frontend\node_modules\.pnpm\@emotion+react@11.14.0_@types+react@18.3.27_react@18.3.1\node_modules\@emotion\react\dist\emotion-element-e8f4cc37.development.cjs.js:60:23
    at Grid (C:\projekt\beauty-salon-management-system\beauty-salon-frontend\node_modules\.pnpm\@mui+material@5.18.0_@emoti_136728582fedef94cbdf8cadc9fbd913\node_modules\@mui\material\node\Grid\Grid.js:381:64)
    at div
    at C:\projekt\beauty-salon-management-system\beauty-salon-frontend\node_modules\.pnpm\@emotion+react@11.14.0_@types+react@18.3.27_react@18.3.1\node_modules\@emotion\react\dist\emotion-element-e8f4cc37.development.cjs.js:60:23
    at Grid (C:\projekt\beauty-salon-management-system\beauty-salon-frontend\node_modules\.pnpm\@mui+system@5.18.0_@emotion_1618f14f8b8f0c61b33e8dee883594d2\node_modules\@mui\system\Stack\createStack.js:149:24)
    at ProfilePage (C:\projekt\beauty-salon-management-system\beauty-salon-frontend\src\pages\AccountPage.tsx:17:63)
    at Router (C:\projekt\beauty-salon-management-system\beauty-salon-frontend\node_modules\.pnpm\react-router@6.30.2_react@18.3.1\node_modules\react-router\dist\umd\react-router.development.js:1207:17)
    at MemoryRouter (C:\projekt\beauty-salon-management-system\beauty-salon-frontend\node_modules\.pnpm\react-router@6.30.2_react@18.3.1\node_modules\react-router\dist\umd\react-router.development.js:1101:7)
Warning: An update to ForwardRef(FormControl) inside a test was not wrapped in act(...).

When testing, code that causes React state updates should be wrapped into act(...):

act(() =&gt; {
  /* fire events that update state */
});
/* assert on the output */

This ensures that you&apos;re testing the behavior the user would see in the browser. Learn more at https://reactjs.org/link/wrap-tests-with-act
    at FormControl (C:\projekt\beauty-salon-management-system\beauty-salon-frontend\node_modules\.pnpm\@mui+material@5.18.0_@emoti_136728582fedef94cbdf8cadc9fbd913\node_modules\@mui\material\node\FormControl\FormControl.js:92:59)
    at C:\projekt\beauty-salon-management-system\beauty-salon-frontend\node_modules\.pnpm\@emotion+react@11.14.0_@types+react@18.3.27_react@18.3.1\node_modules\@emotion\react\dist\emotion-element-e8f4cc37.development.cjs.js:60:23
    at TextField (C:\projekt\beauty-salon-management-system\beauty-salon-frontend\node_modules\.pnpm\@mui+material@5.18.0_@emoti_136728582fedef94cbdf8cadc9fbd913\node_modules\@mui\material\node\TextField\TextField.js:84:59)
    at div
    at C:\projekt\beauty-salon-management-system\beauty-salon-frontend\node_modules\.pnpm\@emotion+react@11.14.0_@types+react@18.3.27_react@18.3.1\node_modules\@emotion\react\dist\emotion-element-e8f4cc37.development.cjs.js:60:23
    at Grid (C:\projekt\beauty-salon-management-system\beauty-salon-frontend\node_modules\.pnpm\@mui+system@5.18.0_@emotion_1618f14f8b8f0c61b33e8dee883594d2\node_modules\@mui\system\Stack\createStack.js:149:24)
    at div
    at C:\projekt\beauty-salon-management-system\beauty-salon-frontend\node_modules\.pnpm\@emotion+react@11.14.0_@types+react@18.3.27_react@18.3.1\node_modules\@emotion\react\dist\emotion-element-e8f4cc37.development.cjs.js:60:23
    at CardContent (C:\projekt\beauty-salon-management-system\beauty-salon-frontend\node_modules\.pnpm\@mui+material@5.18.0_@emoti_136728582fedef94cbdf8cadc9fbd913\node_modules\@mui\material\node\CardContent\CardContent.js:44:59)
    at div
    at C:\projekt\beauty-salon-management-system\beauty-salon-frontend\node_modules\.pnpm\@emotion+react@11.14.0_@types+react@18.3.27_react@18.3.1\node_modules\@emotion\react\dist\emotion-element-e8f4cc37.development.cjs.js:60:23
    at Paper (C:\projekt\beauty-salon-management-system\beauty-salon-frontend\node_modules\.pnpm\@mui+material@5.18.0_@emoti_136728582fedef94cbdf8cadc9fbd913\node_modules\@mui\material\node\Paper\Paper.js:70:59)
    at C:\projekt\beauty-salon-management-system\beauty-salon-frontend\node_modules\.pnpm\@emotion+react@11.14.0_@types+react@18.3.27_react@18.3.1\node_modules\@emotion\react\dist\emotion-element-e8f4cc37.development.cjs.js:60:23
    at Card (C:\projekt\beauty-salon-management-system\beauty-salon-frontend\node_modules\.pnpm\@mui+material@5.18.0_@emoti_136728582fedef94cbdf8cadc9fbd913\node_modules\@mui\material\node\Card\Card.js:43:59)
    at div
    at C:\projekt\beauty-salon-management-system\beauty-salon-frontend\node_modules\.pnpm\@emotion+react@11.14.0_@types+react@18.3.27_react@18.3.1\node_modules\@emotion\react\dist\emotion-element-e8f4cc37.development.cjs.js:60:23
    at Grid (C:\projekt\beauty-salon-management-system\beauty-salon-frontend\node_modules\.pnpm\@mui+material@5.18.0_@emoti_136728582fedef94cbdf8cadc9fbd913\node_modules\@mui\material\node\Grid\Grid.js:381:64)
    at div
    at C:\projekt\beauty-salon-management-system\beauty-salon-frontend\node_modules\.pnpm\@emotion+react@11.14.0_@types+react@18.3.27_react@18.3.1\node_modules\@emotion\react\dist\emotion-element-e8f4cc37.development.cjs.js:60:23
[...]

            </system-err>
        </testcase>
        <testcase classname="src/components/Layout/Sidebar.test.tsx" name="Sidebar – RBAC (menu per rola) + mobile close + logout &gt; ADMIN widzi dokładnie swoje menu (zgodne z menuItems) + dane użytkownika" time="0.2947009">
        </testcase>
        <testcase classname="src/components/Layout/Sidebar.test.tsx" name="Sidebar – RBAC (menu per rola) + mobile close + logout &gt; EMPLOYEE widzi dokładnie swoje menu (zgodne z menuItems) + dane użytkownika" time="0.0838839">
        </testcase>
        <testcase classname="src/components/Layout/Sidebar.test.tsx" name="Sidebar – RBAC (menu per rola) + mobile close + logout &gt; CLIENT widzi dokładnie swoje menu (zgodne z menuItems) + dane użytkownika" time="0.068178">
        </testcase>
        <testcase classname="src/components/Layout/Sidebar.test.tsx" name="Sidebar – RBAC (menu per rola) + mobile close + logout &gt; mobile: klik w element nawigacji wywołuje onMobileClose()" time="0.3675736">
        </testcase>
        <testcase classname="src/components/Layout/Sidebar.test.tsx" name="Sidebar – RBAC (menu per rola) + mobile close + logout &gt; wylogowanie: otwiera dialog, po potwierdzeniu wywołuje logout i nawigację do /login" time="0.4253671">
            <system-err>
Warning: Failed prop type: MUI: Combining `elevation={24}` with `variant=&quot;outlined&quot;` has no effect. Either use `elevation={0}` or use a different `variant`.
    at Paper (C:\projekt\beauty-salon-management-system\beauty-salon-frontend\node_modules\.pnpm\@mui+material@5.18.0_@emoti_136728582fedef94cbdf8cadc9fbd913\node_modules\@mui\material\node\Paper\Paper.js:70:59)
    at C:\projekt\beauty-salon-management-system\beauty-salon-frontend\node_modules\.pnpm\@emotion+react@11.14.0_@types+react@18.3.27_react@18.3.1\node_modules\@emotion\react\dist\emotion-element-e8f4cc37.development.cjs.js:60:23
    at div
    at C:\projekt\beauty-salon-management-system\beauty-salon-frontend\node_modules\.pnpm\@emotion+react@11.14.0_@types+react@18.3.27_react@18.3.1\node_modules\@emotion\react\dist\emotion-element-e8f4cc37.development.cjs.js:60:23
    at Transition (C:\projekt\beauty-salon-management-system\beauty-salon-frontend\node_modules\.pnpm\react-transition-group@4.4._ea827a607bbb9ce48eba17f05126488f\node_modules\react-transition-group\cjs\Transition.js:135:30)
    at Fade (C:\projekt\beauty-salon-management-system\beauty-salon-frontend\node_modules\.pnpm\@mui+material@5.18.0_@emoti_136728582fedef94cbdf8cadc9fbd913\node_modules\@mui\material\node\Fade\Fade.js:37:39)
    at FocusTrap (C:\projekt\beauty-salon-management-system\beauty-salon-frontend\node_modules\.pnpm\@mui+material@5.18.0_@emoti_136728582fedef94cbdf8cadc9fbd913\node_modules\@mui\material\node\Unstable_TrapFocus\FocusTrap.js:86:5)
    at div
    at C:\projekt\beauty-salon-management-system\beauty-salon-frontend\node_modules\.pnpm\@emotion+react@11.14.0_@types+react@18.3.27_react@18.3.1\node_modules\@emotion\react\dist\emotion-element-e8f4cc37.development.cjs.js:60:23
    at Portal (C:\projekt\beauty-salon-management-system\beauty-salon-frontend\node_modules\.pnpm\@mui+material@5.18.0_@emoti_136728582fedef94cbdf8cadc9fbd913\node_modules\@mui\material\node\Portal\Portal.js:34:5)
    at Modal (C:\projekt\beauty-salon-management-system\beauty-salon-frontend\node_modules\.pnpm\@mui+material@5.18.0_@emoti_136728582fedef94cbdf8cadc9fbd913\node_modules\@mui\material\node\Modal\Modal.js:88:59)
    at C:\projekt\beauty-salon-management-system\beauty-salon-frontend\node_modules\.pnpm\@emotion+react@11.14.0_@types+react@18.3.27_react@18.3.1\node_modules\@emotion\react\dist\emotion-element-e8f4cc37.development.cjs.js:60:23
    at Dialog (C:\projekt\beauty-salon-management-system\beauty-salon-frontend\node_modules\.pnpm\@mui+material@5.18.0_@emoti_136728582fedef94cbdf8cadc9fbd913\node_modules\@mui\material\node\Dialog\Dialog.js:161:59)
    at div
    at C:\projekt\beauty-salon-management-system\beauty-salon-frontend\node_modules\.pnpm\@emotion+react@11.14.0_@types+react@18.3.27_react@18.3.1\node_modules\@emotion\react\dist\emotion-element-e8f4cc37.development.cjs.js:60:23
    at Box (C:\projekt\beauty-salon-management-system\beauty-salon-frontend\node_modules\.pnpm\@mui+system@5.18.0_@emotion_1618f14f8b8f0c61b33e8dee883594d2\node_modules\@mui\system\createBox.js:31:41)
    at div
    at Drawer (C:\projekt\beauty-salon-management-system\beauty-salon-frontend\src\components\Layout\Sidebar.test.tsx:17:16)
    at Sidebar (C:\projekt\beauty-salon-management-system\beauty-salon-frontend\src\components\Layout\Sidebar.tsx:134:20)
    at Router (C:\projekt\beauty-salon-management-system\beauty-salon-frontend\node_modules\.pnpm\react-router@6.30.2_react@18.3.1\node_modules\react-router\dist\umd\react-router.development.js:1207:17)
    at MemoryRouter (C:\projekt\beauty-salon-management-system\beauty-salon-frontend\node_modules\.pnpm\react-router@6.30.2_react@18.3.1\node_modules\react-router\dist\umd\react-router.development.js:1101:7)

            </system-err>
        </testcase>
        <testcase classname="src/components/Layout/Sidebar.test.tsx" name="Sidebar – RBAC (menu per rola) + mobile close + logout &gt; mobile: po wylogowaniu woła onMobileClose() (logika responsive w Sidebar)" time="0.349487">
        </testcase>
    </testsuite>
    <testsuite name="src/pages/Admin/Appointments/utils.test.ts" timestamp="2026-01-10T01:42:18.569Z" hostname="DESKTOP-T98EHRO" tests="17" failures="0" errors="0" skipped="0" time="0.0206926">
        <testcase classname="src/pages/Admin/Appointments/utils.test.ts" name="Admin/Appointments/utils – normalizeStatus &gt; returns the same status when value is a valid appointment status" time="0.0033957">
        </testcase>
        <testcase classname="src/pages/Admin/Appointments/utils.test.ts" name="Admin/Appointments/utils – normalizeStatus &gt; returns null for null/undefined and non-string values" time="0.0008071">
        </testcase>
        <testcase classname="src/pages/Admin/Appointments/utils.test.ts" name="Admin/Appointments/utils – normalizeStatus &gt; returns null for strings outside APPOINTMENT_STATUSES" time="0.0004546">
        </testcase>
        <testcase classname="src/pages/Admin/Appointments/utils.test.ts" name="Admin/Appointments/utils – canEmployeeDoService &gt; returns false when employeeSkills is undefined" time="0.0004565">
        </testcase>
        <testcase classname="src/pages/Admin/Appointments/utils.test.ts" name="Admin/Appointments/utils – canEmployeeDoService &gt; returns false when employeeSkills is not an array" time="0.0004106">
        </testcase>
        <testcase classname="src/pages/Admin/Appointments/utils.test.ts" name="Admin/Appointments/utils – canEmployeeDoService &gt; returns false when employeeSkills is an empty array" time="0.0003618">
        </testcase>
        <testcase classname="src/pages/Admin/Appointments/utils.test.ts" name="Admin/Appointments/utils – canEmployeeDoService &gt; returns true when employee has the service" time="0.00032">
        </testcase>
        <testcase classname="src/pages/Admin/Appointments/utils.test.ts" name="Admin/Appointments/utils – canEmployeeDoService &gt; returns false when employee does not have the service" time="0.0003896">
        </testcase>
        <testcase classname="src/pages/Admin/Appointments/utils.test.ts" name="Admin/Appointments/utils – canEmployeeDoService &gt; does not coerce types (number vs string)" time="0.0004018">
        </testcase>
        <testcase classname="src/pages/Admin/Appointments/utils.test.ts" name="Admin/Appointments/utils – isValidDate &gt; returns false for non-Date values" time="0.0007657">
        </testcase>
        <testcase classname="src/pages/Admin/Appointments/utils.test.ts" name="Admin/Appointments/utils – isValidDate &gt; returns false for invalid Date instances" time="0.0003939">
        </testcase>
        <testcase classname="src/pages/Admin/Appointments/utils.test.ts" name="Admin/Appointments/utils – isValidDate &gt; returns true for valid Date instances" time="0.0004388">
        </testcase>
        <testcase classname="src/pages/Admin/Appointments/utils.test.ts" name="Admin/Appointments/utils – toIsoString &gt; returns date.toISOString()" time="0.0006884">
        </testcase>
        <testcase classname="src/pages/Admin/Appointments/utils.test.ts" name="Admin/Appointments/utils – toYyyyMmDd &gt; formats as YYYY-MM-DD using local date parts" time="0.000413">
        </testcase>
        <testcase classname="src/pages/Admin/Appointments/utils.test.ts" name="Admin/Appointments/utils – toYyyyMmDd &gt; pads month and day with zeros" time="0.0003117">
        </testcase>
        <testcase classname="src/pages/Admin/Appointments/utils.test.ts" name="Admin/Appointments/utils – friendlyAvailabilityError &gt; returns provided reason when it is non-empty after trimming" time="0.0004955">
        </testcase>
        <testcase classname="src/pages/Admin/Appointments/utils.test.ts" name="Admin/Appointments/utils – friendlyAvailabilityError &gt; returns default message when reason is missing/empty/whitespace" time="0.0004327">
        </testcase>
    </testsuite>
    <testsuite name="src/pages/Admin/Services/ServicesPage.403.test.tsx" timestamp="2026-01-10T01:42:18.574Z" hostname="DESKTOP-T98EHRO" tests="1" failures="0" errors="0" skipped="0" time="5.7465539">
        <testcase classname="src/pages/Admin/Services/ServicesPage.403.test.tsx" name="Admin/Services/ServicesPage – obsługa 403 z API &gt; gdy create() zwróci 403 – pokazuje komunikat i nie zamyka dialogu (bezpieczeństwo + odporność)" time="5.7376714">
            <system-err>
⚠️ React Router Future Flag Warning: React Router will begin wrapping state updates in `React.startTransition` in v7. You can use the `v7_startTransition` future flag to opt-in early. For more information, see https://reactrouter.com/v6/upgrading/future#v7_starttransition.
⚠️ React Router Future Flag Warning: Relative route resolution within Splat routes is changing in v7. You can use the `v7_relativeSplatPath` future flag to opt-in early. For more information, see https://reactrouter.com/v6/upgrading/future#v7_relativesplatpath.

            </system-err>
        </testcase>
    </testsuite>
    <testsuite name="src/pages/Admin/Services/ServicesPage.test.tsx" timestamp="2026-01-10T01:42:18.575Z" hostname="DESKTOP-T98EHRO" tests="4" failures="0" errors="0" skipped="0" time="8.5847733">
        <testcase classname="src/pages/Admin/Services/ServicesPage.test.tsx" name="pages/Admin/Services/ServicesPage &gt; renderuje listę usług z servicesApi.list() (DRF results)" time="1.1247876">
            <system-err>
⚠️ React Router Future Flag Warning: React Router will begin wrapping state updates in `React.startTransition` in v7. You can use the `v7_startTransition` future flag to opt-in early. For more information, see https://reactrouter.com/v6/upgrading/future#v7_starttransition.
⚠️ React Router Future Flag Warning: Relative route resolution within Splat routes is changing in v7. You can use the `v7_relativeSplatPath` future flag to opt-in early. For more information, see https://reactrouter.com/v6/upgrading/future#v7_relativesplatpath.

            </system-err>
        </testcase>
        <testcase classname="src/pages/Admin/Services/ServicesPage.test.tsx" name="pages/Admin/Services/ServicesPage &gt; blokuje zapis przy niepoprawnych danych: pokazuje formError i błędy pól z validateServiceForm()" time="4.077063">
        </testcase>
        <testcase classname="src/pages/Admin/Services/ServicesPage.test.tsx" name="pages/Admin/Services/ServicesPage &gt; gdy create() zwróci 400 z błędem pola -&gt; mapuje go do helperText (parseDrfError + pickFieldErrors)" time="3.1263999">
        </testcase>
        <testcase classname="src/pages/Admin/Services/ServicesPage.test.tsx" name="pages/Admin/Services/ServicesPage &gt; gdy list() rzuci błąd z detail -&gt; pokazuje Alert z tą wiadomością (odporność na 500/itp)" time="0.2463726">
        </testcase>
    </testsuite>
    <testsuite name="src/pages/Admin/Services/utils.test.ts" timestamp="2026-01-10T01:42:18.577Z" hostname="DESKTOP-T98EHRO" tests="14" failures="0" errors="0" skipped="0" time="0.0206358">
        <testcase classname="src/pages/Admin/Services/utils.test.ts" name="pages/Admin/Services/utils &gt; validateServiceForm() &gt; dla pustych pól zwraca valid=false i konkretne komunikaty w errors" time="0.0044105">
        </testcase>
        <testcase classname="src/pages/Admin/Services/utils.test.ts" name="pages/Admin/Services/utils &gt; validateServiceForm() &gt; dla poprawnych danych zwraca valid=true i pusty errors" time="0.000695">
        </testcase>
        <testcase classname="src/pages/Admin/Services/utils.test.ts" name="pages/Admin/Services/utils &gt; validateServiceForm() &gt; odrzuca ujemną cenę" time="0.0005366">
        </testcase>
        <testcase classname="src/pages/Admin/Services/utils.test.ts" name="pages/Admin/Services/utils &gt; validateServiceForm() &gt; odrzuca czas trwania &lt; 5" time="0.0004917">
        </testcase>
        <testcase classname="src/pages/Admin/Services/utils.test.ts" name="pages/Admin/Services/utils &gt; buildServicePayload() &gt; trimuje pola i mapuje opcjonalne na undefined, duration_minutes na number" time="0.0006706">
        </testcase>
        <testcase classname="src/pages/Admin/Services/utils.test.ts" name="pages/Admin/Services/utils &gt; extractDrfMessage() &gt; wyciąga detail jeśli istnieje" time="0.000649">
        </testcase>
        <testcase classname="src/pages/Admin/Services/utils.test.ts" name="pages/Admin/Services/utils &gt; extractDrfMessage() &gt; wyciąga pierwszy non_field_errors jeśli istnieje" time="0.0004915">
        </testcase>
        <testcase classname="src/pages/Admin/Services/utils.test.ts" name="pages/Admin/Services/utils &gt; extractDrfMessage() &gt; gdy data jest stringiem – zwraca string" time="0.0004258">
        </testcase>
        <testcase classname="src/pages/Admin/Services/utils.test.ts" name="pages/Admin/Services/utils &gt; extractDrfMessage() &gt; gdy data jest tablicą – zwraca pierwszy string" time="0.0004442">
        </testcase>
        <testcase classname="src/pages/Admin/Services/utils.test.ts" name="pages/Admin/Services/utils &gt; extractDrfMessage() &gt; gdy nie ma detail/non_field_errors, ale obiekt ma stringową wartość – zwraca tę wartość" time="0.0003988">
        </testcase>
        <testcase classname="src/pages/Admin/Services/utils.test.ts" name="pages/Admin/Services/utils &gt; getBestErrorMessage() &gt; gdy parseDrfError ma message (detail/non_field) -&gt; zwraca message" time="0.0008321">
        </testcase>
        <testcase classname="src/pages/Admin/Services/utils.test.ts" name="pages/Admin/Services/utils &gt; getBestErrorMessage() &gt; gdy parseDrfError nie ma message, ale response.data ma pole z tablicą -&gt; wyciąga pierwszy string (extractDrfMessage)" time="0.0004817">
        </testcase>
        <testcase classname="src/pages/Admin/Services/utils.test.ts" name="pages/Admin/Services/utils &gt; getBestErrorMessage() &gt; fallback do Error.message, gdy brak response.data" time="0.0004789">
        </testcase>
        <testcase classname="src/pages/Admin/Services/utils.test.ts" name="pages/Admin/Services/utils &gt; getBestErrorMessage() &gt; gdy nic nie pasuje – zwraca undefined lub ogólną informację (tu: undefined lub &quot;Wystąpił błąd.&quot;)" time="0.0004055">
        </testcase>
    </testsuite>
    <testsuite name="src/pages/Client/Booking/BookingPage.test.tsx" timestamp="2026-01-10T01:42:18.581Z" hostname="DESKTOP-T98EHRO" tests="2" failures="0" errors="0" skipped="0" time="0.9094701">
        <testcase classname="src/pages/Client/Booking/BookingPage.test.tsx" name="pages/Client/Booking/BookingPage &gt; pokazuje loader, a potem renderuje krok &quot;Wybierz usługę&quot; i listę usług z servicesApi.list(results)" time="0.6474224">
            <system-err>
⚠️ React Router Future Flag Warning: React Router will begin wrapping state updates in `React.startTransition` in v7. You can use the `v7_startTransition` future flag to opt-in early. For more information, see https://reactrouter.com/v6/upgrading/future#v7_starttransition.
⚠️ React Router Future Flag Warning: Relative route resolution within Splat routes is changing in v7. You can use the `v7_relativeSplatPath` future flag to opt-in early. For more information, see https://reactrouter.com/v6/upgrading/future#v7_relativesplatpath.

            </system-err>
        </testcase>
        <testcase classname="src/pages/Client/Booking/BookingPage.test.tsx" name="pages/Client/Booking/BookingPage &gt; gdy pobranie usług się nie uda -&gt; pokazuje Alert z komunikatem z getErrorMessage(parseDrfError)" time="0.2503545">
        </testcase>
    </testsuite>
    <testsuite name="src/pages/Employee/Calendar/CalendarPage.test.tsx" timestamp="2026-01-10T01:42:18.582Z" hostname="DESKTOP-T98EHRO" tests="5" failures="0" errors="0" skipped="0" time="3.3479646">
        <testcase classname="src/pages/Employee/Calendar/CalendarPage.test.tsx" name="pages/Employee/Calendar/CalendarPage &gt; ładuje terminarz przez paginację getMy({page}) i mapuje event title (client fallback: &apos;Klient&apos;)" time="0.468349">
        </testcase>
        <testcase classname="src/pages/Employee/Calendar/CalendarPage.test.tsx" name="pages/Employee/Calendar/CalendarPage &gt; klik eventu otwiera dialog &apos;Szczegóły wizyty&apos; i pokazuje przyciski akcji wg flag can_*" time="0.7666491">
        </testcase>
        <testcase classname="src/pages/Employee/Calendar/CalendarPage.test.tsx" name="pages/Employee/Calendar/CalendarPage &gt; akcja &apos;Potwierdź&apos; woła appointmentsApi.confirm(id), zamyka dialog i pokazuje snackbar sukcesu" time="1.1814828">
        </testcase>
        <testcase classname="src/pages/Employee/Calendar/CalendarPage.test.tsx" name="pages/Employee/Calendar/CalendarPage &gt; gdy akcja zwróci błąd (detail) -&gt; pokazuje pageError w dialogu i NIE zamyka modala" time="0.7997615">
        </testcase>
        <testcase classname="src/pages/Employee/Calendar/CalendarPage.test.tsx" name="pages/Employee/Calendar/CalendarPage &gt; gdy pobieranie terminarza się nie uda -&gt; pokazuje Alert z pageError i czyści eventy" time="0.1212259">
        </testcase>
    </testsuite>
    <testsuite name="src/pages/Employee/Calendar/utils.test.ts" timestamp="2026-01-10T01:42:18.584Z" hostname="DESKTOP-T98EHRO" tests="6" failures="0" errors="0" skipped="0" time="0.0568236">
        <testcase classname="src/pages/Employee/Calendar/utils.test.ts" name="pages/Employee/Calendar/utils – statusChipColor &gt; maps known statuses to MUI chip colors" time="0.0031125">
        </testcase>
        <testcase classname="src/pages/Employee/Calendar/utils.test.ts" name="pages/Employee/Calendar/utils – statusChipColor &gt; returns default for unknown status (defensive)" time="0.0004335">
        </testcase>
        <testcase classname="src/pages/Employee/Calendar/utils.test.ts" name="pages/Employee/Calendar/utils – formatPL &gt; returns original input for invalid date strings" time="0.000458">
        </testcase>
        <testcase classname="src/pages/Employee/Calendar/utils.test.ts" name="pages/Employee/Calendar/utils – formatPL &gt; formats valid date strings in pl-PL locale (non-empty, contains year and time)" time="0.0431313">
        </testcase>
        <testcase classname="src/pages/Employee/Calendar/utils.test.ts" name="pages/Employee/Calendar/utils – statusLabel &gt; maps known statuses to Polish labels" time="0.0006866">
        </testcase>
        <testcase classname="src/pages/Employee/Calendar/utils.test.ts" name="pages/Employee/Calendar/utils – statusLabel &gt; returns raw status for unknown values (defensive)" time="0.0003198">
        </testcase>
    </testsuite>
</testsuites>
